\BOOKMARK [1][-]{section.1}{\376\377\000D\000o\000c\000u\000m\000e\000n\000t\000a\000t\000i\000o\000n\000\040\000a\000n\000d\000\040\000T\000o\000o\000l\000s}{}% 1
\BOOKMARK [1][-]{section.2}{\376\377\000C\000o\000u\000r\000s\000e\000\040\000M\000A\000L\000G\0001\000/\000M\000O\000V\000E\000X\0001\000\040\000a\000t\000\040\000T\000e\000l\000e\000c\000o\000m\000\040\000N\000a\000n\000c\000y}{}% 2
\BOOKMARK [2][-]{subsection.2.1}{\376\377\000S\000l\000i\000d\000e\000s\000\040\000f\000o\000r\000\040\000t\000h\000e\000\040\000c\000o\000u\000r\000s\000e\000\040\000M\000A\000L\000G\0001\000/\000M\000O\000V\000E\000X\0001}{section.2}% 3
\BOOKMARK [3][-]{subsubsection.2.1.1}{\376\377\000L\000e\000c\000t\000u\000r\000e\000\040\0000\000\040\000O\000v\000e\000r\000v\000i\000e\000w\000\040\000o\000f\000\040\000t\000h\000e\000\040\000c\000o\000u\000r\000s\000e\000\040}{subsection.2.1}% 4
\BOOKMARK [3][-]{subsubsection.2.1.2}{\376\377\000L\000e\000c\000t\000u\000r\000e\000\040\0001\000\040\000M\000o\000d\000\351\000l\000i\000s\000a\000t\000i\000o\000n\000,\000\040\000s\000p\000\351\000c\000i\000f\000i\000c\000a\000t\000i\000o\000n\000\040\000e\000t\000\040\000v\000\351\000r\000i\000f\000i\000c\000a\000t\000i\000o\000n\000\040\000\050\000I\000\051\000\040}{subsection.2.1}% 5
\BOOKMARK [3][-]{subsubsection.2.1.3}{\376\377\000L\000e\000c\000t\000u\000r\000e\000\040\0002\000\040\000M\000o\000d\000\351\000l\000i\000s\000a\000t\000i\000o\000n\000,\000\040\000s\000p\000\351\000c\000i\000f\000i\000c\000a\000t\000i\000o\000n\000\040\000e\000t\000\040\000v\000\351\000r\000i\000f\000i\000c\000a\000t\000i\000o\000n\000\040\000\050\000I\000I\000\051}{subsection.2.1}% 6
\BOOKMARK [3][-]{subsubsection.2.1.4}{\376\377\000L\000e\000c\000t\000u\000r\000e\000\040\0003\000\040\000M\000o\000d\000\351\000l\000i\000s\000a\000t\000i\000o\000n\000,\000\040\000s\000p\000\351\000c\000i\000f\000i\000c\000a\000t\000i\000o\000n\000\040\000e\000t\000\040\000v\000\351\000r\000i\000f\000i\000c\000a\000t\000i\000o\000n\000\040\000\050\000I\000I\000I\000\051}{subsection.2.1}% 7
\BOOKMARK [3][-]{subsubsection.2.1.5}{\376\377\000L\000e\000c\000t\000u\000r\000e\000\040\0004\000\040\000V\000\351\000r\000i\000f\000i\000c\000a\000t\000i\000o\000n\000\040\000m\000\351\000c\000a\000n\000i\000s\000\351\000e\000\040\000d\000e\000\040\000c\000o\000n\000t\000r\000a\000t\000s\000\040\000\050\000I\000\051}{subsection.2.1}% 8
\BOOKMARK [3][-]{subsubsection.2.1.6}{\376\377\000L\000e\000c\000t\000u\000r\000e\000\040\0005\000\040\000V\000\351\000r\000i\000f\000i\000c\000a\000t\000i\000o\000n\000\040\000m\000\351\000c\000a\000n\000i\000s\000\351\000e\000\040\000d\000e\000\040\000c\000o\000n\000t\000r\000a\000t\000s\000\040\000\050\000I\000I\000\051}{subsection.2.1}% 9
\BOOKMARK [2][-]{subsection.2.2}{\376\377\000L\000e\000c\000t\000u\000r\000e\000s\000\040\000N\000o\000t\000e\000s}{section.2}% 10
\BOOKMARK [2][-]{subsection.2.3}{\376\377\000T\000u\000t\000o\000r\000i\000a\000l\000s}{section.2}% 11
\BOOKMARK [2][-]{subsection.2.4}{\376\377\000A\000s\000s\000e\000s\000s\000m\000e\000n\000t}{section.2}% 12
\BOOKMARK [2][-]{subsection.2.5}{\376\377\000E\000x\000a\000m\000e\000n\000s\000\040\000p\000a\000s\000s\000\351\000s}{section.2}% 13
\BOOKMARK [1][-]{section.3}{\376\377\000C\000o\000u\000r\000s\000e\000\040\000M\000A\000L\000G\0002\000\040\000a\000t\000\040\000T\000e\000l\000e\000c\000o\000m\000\040\000N\000a\000n\000c\000y}{}% 14
\BOOKMARK [2][-]{subsection.3.1}{\376\377\000S\000l\000i\000d\000e\000s\000\040\000f\000o\000r\000\040\000t\000h\000e\000\040\000c\000o\000u\000r\000s\000e\000\040\000M\000A\000L\000G\0002}{section.3}% 15
\BOOKMARK [3][-]{subsubsection.3.1.1}{\376\377\000L\000e\000c\000t\000u\000r\000e\000\040\0000\000\040\000O\000v\000e\000r\000v\000i\000e\000w\000\040\000o\000f\000\040\000t\000h\000e\000\040\000c\000o\000u\000r\000s\000e\000\040}{subsection.3.1}% 16
\BOOKMARK [3][-]{subsubsection.3.1.2}{\376\377\000L\000e\000c\000t\000u\000r\000e\000\040\0001\000\040\000V\000\351\000r\000i\000f\000i\000c\000a\000t\000i\000o\000n\000\040\000m\000\351\000c\000a\000n\000i\000s\000\351\000e\000\040\000d\000e\000\040\000c\000o\000n\000t\000r\000a\000t\000s\000\040\000\050\000I\000I\000I\000\051}{subsection.3.1}% 17
\BOOKMARK [3][-]{subsubsection.3.1.3}{\376\377\000L\000e\000c\000t\000u\000r\000e\000\040\0002\000\040\000T\000h\000\351\000o\000r\000i\000e\000\040\000d\000u\000\040\000p\000o\000i\000n\000t\000-\000f\000i\000x\000e\000\040\000e\000t\000\040\000a\000p\000p\000l\000i\000c\000a\000t\000i\000o\000n\000s}{subsection.3.1}% 18
\BOOKMARK [3][-]{subsubsection.3.1.4}{\376\377\000L\000e\000c\000t\000u\000r\000e\000\040\0003\000\040\000S\000\351\000m\000a\000n\000t\000i\000q\000u\000e\000\040\000d\000s\000\040\000l\000a\000n\000g\000a\000g\000e\000s\000\040\000d\000e\000\040\000p\000r\000o\000g\000r\000a\000m\000m\000a\000t\000i\000o\000n}{subsection.3.1}% 19
\BOOKMARK [3][-]{subsubsection.3.1.5}{\376\377\000L\000e\000c\000t\000u\000r\000e\000\040\0004\000\040\000I\000n\000t\000e\000r\000p\000r\000\351\000t\000a\000t\000i\000o\000n\000\040\000A\000b\000s\000t\000r\000a\000i\000t\000e}{subsection.3.1}% 20
\BOOKMARK [2][-]{subsection.3.2}{\376\377\000T\000u\000t\000o\000r\000i\000a\000l\000s}{section.3}% 21
\BOOKMARK [1][-]{section.4}{\376\377\000C\000o\000u\000r\000s\000e\000\040\000M\000O\000V\000E\000X\0002\000\040\000a\000t\000\040\000T\000e\000l\000e\000c\000o\000m\000\040\000N\000a\000n\000c\000y}{}% 22
\BOOKMARK [2][-]{subsection.4.1}{\376\377\000S\000l\000i\000d\000e\000s\000\040\000f\000o\000r\000\040\000t\000h\000e\000\040\000c\000o\000u\000r\000s\000e\000\040\000M\000O\000V\000E\000X\0002}{section.4}% 23
\BOOKMARK [3][-]{subsubsection.4.1.1}{\376\377\000L\000e\000c\000t\000u\000r\000e\000\040\0000\000\040\000O\000v\000e\000r\000v\000i\000e\000w\000\040\000o\000f\000\040\000t\000h\000e\000\040\000c\000o\000u\000r\000s\000e\000\040}{subsection.4.1}% 24
\BOOKMARK [3][-]{subsubsection.4.1.2}{\376\377\000L\000e\000c\000t\000u\000r\000e\000\040\0001\000\040\000V\000\351\000r\000i\000f\000i\000c\000a\000t\000i\000o\000n\000\040\000m\000\351\000c\000a\000n\000i\000s\000\351\000e\000\040\000d\000e\000\040\000c\000o\000n\000t\000r\000a\000t\000s\000\040\000\050\000I\000I\000I\000\051}{subsection.4.1}% 25
\BOOKMARK [3][-]{subsubsection.4.1.3}{\376\377\000L\000e\000c\000t\000u\000r\000e\000\040\0002\000\040\000T\000h\000\351\000o\000r\000i\000e\000\040\000d\000u\000\040\000p\000o\000i\000n\000t\000-\000f\000i\000x\000e\000\040\000e\000t\000\040\000a\000p\000p\000l\000i\000c\000a\000t\000i\000o\000n\000s}{subsection.4.1}% 26
\BOOKMARK [3][-]{subsubsection.4.1.4}{\376\377\000L\000e\000c\000t\000u\000r\000e\000\040\0003\000\040\000M\000o\000d\000\351\000l\000i\000s\000a\000t\000i\000o\000n\000\040\000s\000y\000n\000c\000h\000r\000o\000n\000e}{subsection.4.1}% 27
\BOOKMARK [2][-]{subsection.4.2}{\376\377\000T\000u\000t\000o\000r\000i\000a\000l\000s}{section.4}% 28
\BOOKMARK [2][-]{subsection.4.3}{\376\377\000T\000P\000\040\000N\000o\000t\000\351\000\040\000S\000L\000E\000\040\000E\000N\000S\000E\000M\000\040\000l\000u\000n\000d\000i\000\040\0001\0009\000\040\000m\000a\000i\000\040\0002\0000\0002\0005\000\040}{section.4}% 29
