\BOOKMARK [1][-]{section.1}{\376\377\000D\000o\000c\000u\000m\000e\000n\000t\000a\000t\000i\000o\000n\000\040\000a\000n\000d\000\040\000T\000o\000o\000l\000s}{}% 1
\BOOKMARK [1][-]{section.2}{\376\377\000C\000o\000u\000r\000s\000e\000\040\000M\000C\000F\000S\000I\000\040\000a\000t\000\040\000T\000e\000l\000e\000c\000o\000m\000\040\000N\000a\000n\000c\000y}{}% 2
\BOOKMARK [2][-]{subsection.2.1}{\376\377\000S\000l\000i\000d\000e\000s\000\040\000f\000o\000r\000\040\000t\000h\000e\000\040\000c\000o\000u\000r\000s\000e\000\040\000M\000C\000F\000S\000I}{section.2}% 3
\BOOKMARK [3][-]{subsubsection.2.1.1}{\376\377\000L\000e\000c\000t\000u\000r\000e\000\040\0001\000\040\000T\000h\000e\000\040\000M\000o\000d\000e\000l\000l\000i\000n\000g\000\040\000L\000a\000n\000g\000u\000a\000g\000e\000\040\000E\000v\000e\000n\000t\000-\000B\000.\000\040}{subsection.2.1}% 4
\BOOKMARK [3][-]{subsubsection.2.1.2}{\376\377\000L\000e\000c\000t\000u\000r\000e\000\040\0002\000\040\000P\000r\000o\000o\000f\000\040\000O\000b\000l\000i\000g\000a\000t\000i\000o\000n\000s\000.}{subsection.2.1}% 5
\BOOKMARK [3][-]{subsubsection.2.1.3}{\376\377\000L\000e\000c\000t\000u\000r\000e\000\040\0003\000\040\000C\000h\000e\000c\000k\000i\000n\000g\000\040\000c\000o\000n\000t\000r\000a\000c\000t\000s\000\040\000u\000s\000i\000n\000g\000\040\000E\000v\000e\000n\000t\000-\000B\000.}{subsection.2.1}% 6
\BOOKMARK [3][-]{subsubsection.2.1.4}{\376\377\000L\000e\000c\000t\000u\000r\000e\000\040\0004\000\040\000C\000o\000r\000r\000e\000c\000t\000n\000e\000s\000s\000\040\000b\000y\000\040\000C\000o\000n\000s\000t\000r\000u\000c\000t\000i\000o\000n\000\040\000w\000i\000t\000h\000\040\000t\000h\000e\000\040\000M\000o\000d\000e\000l\000l\000i\000n\000g\000\040\000L\000a\000n\000g\000u\000a\000g\000e\000\040\000E\000v\000e\000n\000t\000-\000B\000\040\000u\000s\000i\000n\000g\000\040\000t\000h\000e\000\040\000R\000e\000f\000i\000n\000e\000m\000e\000n\000t\000.}{subsection.2.1}% 7
\BOOKMARK [3][-]{subsubsection.2.1.5}{\376\377\000\040\000L\000e\000c\000t\000u\000r\000e\000\040\0005\000\040\000A\000c\000c\000e\000s\000s\000\040\000C\000o\000n\000t\000r\000o\000l\000\040\000\040}{subsection.2.1}% 8
\BOOKMARK [2][-]{subsection.2.2}{\376\377\000T\000u\000t\000o\000r\000i\000a\000l\000s}{section.2}% 9
\BOOKMARK [2][-]{subsection.2.3}{\376\377\000P\000r\000o\000j\000e\000c\000t}{section.2}% 10
\BOOKMARK [2][-]{subsection.2.4}{\376\377\000E\000v\000e\000n\000t\000-\000B\000\040\000M\000o\000d\000e\000l\000s}{section.2}% 11
\BOOKMARK [3][-]{subsubsection.2.4.1}{\376\377\000E\000v\000e\000n\000t\000-\000B\000\040\000A\000r\000c\000h\000i\000v\000e\000s\000\040\000f\000o\000r\000\040\000t\000h\000e\000\040\000l\000e\000c\000t\000u\000r\000e\000s}{subsection.2.4}% 12
\BOOKMARK [3][-]{subsubsection.2.4.2}{\376\377\000E\000v\000e\000n\000t\000-\000B\000\040\000A\000r\000c\000h\000i\000v\000e\000s\000\040\000f\000o\000r\000\040\000t\000h\000e\000\040\000t\000u\000t\000o\000r\000i\000a\000l\000\040\0001}{subsection.2.4}% 13
\BOOKMARK [3][-]{subsubsection.2.4.3}{\376\377\000E\000v\000e\000n\000t\000-\000B\000\040\000A\000r\000c\000h\000i\000v\000e\000s\000\040\000f\000o\000r\000\040\000t\000h\000e\000\040\000t\000u\000t\000o\000r\000i\000a\000l\000\040\0002}{subsection.2.4}% 14
\BOOKMARK [3][-]{subsubsection.2.4.4}{\376\377\000E\000v\000e\000n\000t\000-\000B\000\040\000A\000r\000c\000h\000i\000v\000e\000s\000\040\000f\000o\000r\000\040\000t\000h\000e\000\040\000t\000u\000t\000o\000r\000i\000a\000l\000\040\0003}{subsection.2.4}% 15
\BOOKMARK [3][-]{subsubsection.2.4.5}{\376\377\000E\000v\000e\000n\000t\000-\000B\000\040\000A\000r\000c\000h\000i\000v\000e\000s\000\040\000f\000o\000r\000\040\000t\000h\000e\000\040\000t\000u\000t\000o\000r\000i\000a\000l\000\040\0004}{subsection.2.4}% 16
\BOOKMARK [3][-]{subsubsection.2.4.6}{\376\377\000E\000v\000e\000n\000t\000-\000B\000\040\000A\000r\000c\000h\000i\000v\000e\000s}{subsection.2.4}% 17
\BOOKMARK [2][-]{subsection.2.5}{\376\377\000P\000a\000s\000t\000\040\000e\000x\000a\000m\000s\000\040\000o\000f\000\040\000t\000h\000e\000\040\000c\000o\000u\000r\000s\000e\000\040\000M\000C\000F\000S\000I}{section.2}% 18
\BOOKMARK [1][-]{section.3}{\376\377\000C\000o\000u\000r\000s\000e\000\040\000M\000s\000C\000\040\000i\000n\000\040\000C\000o\000m\000p\000u\000t\000e\000r\000\040\000S\000c\000i\000e\000n\000c\000e\000:\000\040\000M\000o\000d\000e\000l\000l\000i\000n\000g\000\040\000a\000n\000d\000\040\000v\000e\000r\000i\000f\000y\000i\000n\000g\000\040\000s\000o\000f\000t\000w\000a\000r\000e\000-\000b\000a\000s\000e\000d\000\040\000s\000y\000s\000t\000e\000m\000s\000\040\000f\000o\000r\000\040\000M\000a\000s\000t\000e\000r\000\040\000i\000n\000\040\000C\000o\000m\000p\000u\000r\000e\000r\000\040\000S\000c\000i\000e\000n\000c\000e\000\040\000o\000f\000\040\000t\000h\000e\000\040\000U\000n\000i\000v\000e\000r\000s\000i\000t\000y\000\040\000o\000f\000\040\000L\000o\000r\000r\000a\000i\000n\000e}{}% 19
\BOOKMARK [2][-]{subsection.3.1}{\376\377\000S\000l\000i\000d\000e\000s\000\040\000o\000f\000\040\000t\000h\000e\000\040\000c\000o\000u\000r\000s\000e}{section.3}% 20
\BOOKMARK [3][-]{subsubsection.3.1.1}{\376\377\000L\000e\000c\000t\000u\000r\000e\000\040\0001\000\040\000T\000h\000e\000\040\000M\000o\000d\000e\000l\000l\000i\000n\000g\000\040\000L\000a\000n\000g\000u\000a\000g\000e\000\040\000E\000v\000e\000n\000t\000-\000B\000.}{subsection.3.1}% 21
\BOOKMARK [3][-]{subsubsection.3.1.2}{\376\377\000\040\000L\000e\000c\000t\000u\000r\000e\000\040\0002\000\040\000P\000r\000o\000o\000f\000\040\000O\000b\000l\000i\000g\000a\000t\000i\000o\000n\000s\000.}{subsection.3.1}% 22
\BOOKMARK [3][-]{subsubsection.3.1.3}{\376\377\000L\000e\000c\000t\000u\000r\000e\000\040\0003\000\040\000C\000o\000r\000r\000e\000c\000t\000n\000e\000s\000s\000\040\000b\000y\000\040\000C\000o\000n\000s\000t\000r\000u\000c\000t\000i\000o\000n\000\040\000w\000i\000t\000h\000\040\000t\000h\000e\000\040\000M\000o\000d\000e\000l\000l\000i\000n\000g\000\040\000L\000a\000n\000g\000u\000a\000g\000e\000\040\000E\000v\000e\000n\000t\000-\000B\000\040\000u\000s\000i\000n\000g\000\040\000t\000h\000e\000\040\000R\000e\000f\000i\000n\000e\000m\000e\000n\000t\000.}{subsection.3.1}% 23
\BOOKMARK [3][-]{subsubsection.3.1.4}{\376\377\000\040\000L\000e\000c\000t\000u\000r\000e\000\040\0004\000\040\000A\000c\000c\000e\000s\000s\000\040\000C\000o\000n\000t\000r\000o\000l\000\040}{subsection.3.1}% 24
\BOOKMARK [3][-]{subsubsection.3.1.5}{\376\377\000\040\000L\000e\000c\000t\000u\000r\000e\000\040\0005\000\040\000C\000h\000e\000c\000k\000i\000n\000g\000\040\000c\000o\000n\000t\000r\000a\000c\000t\000s\000\040\000w\000i\000t\000h\000\040\000E\000v\000e\000n\000t\000-\000B}{subsection.3.1}% 25
\BOOKMARK [2][-]{subsection.3.2}{\376\377\000T\000u\000t\000o\000r\000i\000a\000l\000s}{section.3}% 26
\BOOKMARK [2][-]{subsection.3.3}{\376\377\000E\000v\000e\000n\000t\000-\000B\000\040\000M\000o\000d\000e\000l\000s}{section.3}% 27
\BOOKMARK [3][-]{subsubsection.3.3.1}{\376\377\000E\000v\000e\000n\000t\000-\000B\000\040\000A\000r\000c\000h\000i\000v\000e\000s\000\040\000f\000o\000r\000\040\000t\000h\000e\000\040\000l\000e\000c\000t\000u\000r\000e\000s}{subsection.3.3}% 28
\BOOKMARK [3][-]{subsubsection.3.3.2}{\376\377\000E\000v\000e\000n\000t\000-\000B\000\040\000A\000r\000c\000h\000i\000v\000e\000s\000\040\000f\000o\000r\000\040\000t\000h\000e\000\040\000t\000u\000t\000o\000r\000i\000a\000l\000\040\0001}{subsection.3.3}% 29
\BOOKMARK [3][-]{subsubsection.3.3.3}{\376\377\000E\000v\000e\000n\000t\000-\000B\000\040\000A\000r\000c\000h\000i\000v\000e\000s\000\040\000f\000o\000r\000\040\000t\000h\000e\000\040\000t\000u\000t\000o\000r\000i\000a\000l\000\040\0002}{subsection.3.3}% 30
\BOOKMARK [3][-]{subsubsection.3.3.4}{\376\377\000E\000v\000e\000n\000t\000-\000B\000\040\000A\000r\000c\000h\000i\000v\000e\000s\000\040\000f\000o\000r\000\040\000t\000h\000e\000\040\000t\000u\000t\000o\000r\000i\000a\000l\000\040\0003}{subsection.3.3}% 31
\BOOKMARK [2][-]{subsection.3.4}{\376\377\000P\000r\000o\000j\000e\000c\000t}{section.3}% 32
\BOOKMARK [2][-]{subsection.3.5}{\376\377\000P\000a\000s\000t\000\040\000e\000x\000a\000m\000s\000\040\000o\000f\000\040\000t\000h\000e\000\040\000C\000o\000u\000r\000s\000e\000\040\000M\000s\000C\000\040\000i\000n\000\040\000C\000o\000m\000p\000u\000t\000e\000r\000\040\000S\000c\000i\000e\000n\000c\000e\000:\000\040\000M\000o\000d\000e\000l\000l\000i\000n\000g\000\040\000a\000n\000d\000\040\000v\000e\000r\000i\000f\000y\000i\000n\000g\000\040\000s\000o\000f\000t\000w\000a\000r\000e\000-\000b\000a\000s\000e\000d\000\040\000s\000y\000s\000t\000e\000m\000s\000\040\000f\000o\000r\000\040\000M\000a\000s\000t\000e\000r\000\040\000i\000n\000\040\000C\000o\000m\000p}{section.3}% 33
\BOOKMARK [1][-]{section.4}{\376\377\000C\000o\000u\000r\000s\000e\000\040\000D\000I\000S\000C\000O\000N\000T\000:\000\040\000M\000o\000d\000e\000l\000l\000i\000n\000g\000\040\000h\000y\000b\000r\000i\000d\000\040\000s\000y\000s\000t\000e\000m\000s}{}% 34
\BOOKMARK [2][-]{subsection.4.1}{\376\377\000D\000o\000c\000u\000m\000e\000n\000t\000a\000t\000i\000o\000n}{section.4}% 35
\BOOKMARK [2][-]{subsection.4.2}{\376\377\000S\000l\000i\000d\000e\000s\000\040\000f\000o\000r\000\040\000t\000h\000e\000\040\000c\000o\000u\000r\000s\000e\000\040\0002\0000\0002\0000\000-\0002\0000\0002\0001}{section.4}% 36
\BOOKMARK [2][-]{subsection.4.3}{\376\377\000S\000l\000i\000d\000e\000s\000\040\000f\000o\000r\000\040\000t\000h\000e\000\040\000c\000o\000u\000r\000s\000e\000\040\0002\0000\0002\0001\000-\0002\0000\0002\0002}{section.4}% 37
\BOOKMARK [1][-]{section.5}{\376\377\000C\000o\000u\000r\000s\000e\000\040\000E\000M\000U\000\040\000E\000v\000e\000n\000t\000-\000B\000\040\000a\000t\000\040\000M\000a\000y\000n\000o\000o\000t\000h\000\040\000U\000n\000i\000v\000e\000r\000s\000i\000t\000y}{}% 38
\BOOKMARK [2][-]{subsection.5.1}{\376\377\000S\000l\000i\000d\000e\000s\000\040\000f\000o\000r\000\040\000t\000h\000e\000\040\000c\000o\000u\000r\000s\000e\000\040\000E\000M\000U}{section.5}% 39
\BOOKMARK [3][-]{subsubsection.5.1.1}{\376\377\000L\000e\000c\000t\000u\000r\000e\000\040\0001\000\040\000T\000h\000e\000\040\000M\000o\000d\000e\000l\000l\000i\000n\000g\000\040\000L\000a\000n\000g\000u\000a\000g\000e\000\040\000E\000v\000e\000n\000t\000-\000B\000.\000\040}{subsection.5.1}% 40
\BOOKMARK [3][-]{subsubsection.5.1.2}{\376\377\000L\000e\000c\000t\000u\000r\000e\000\040\0002\000\040\000P\000r\000o\000o\000f\000\040\000O\000b\000l\000i\000g\000a\000t\000i\000o\000n\000s\000.}{subsection.5.1}% 41
\BOOKMARK [3][-]{subsubsection.5.1.3}{\376\377\000L\000e\000c\000t\000u\000r\000e\000\040\0003\000\040\000C\000h\000e\000c\000k\000i\000n\000g\000\040\000c\000o\000n\000t\000r\000a\000c\000t\000s\000\040\000u\000s\000i\000n\000g\000\040\000E\000v\000e\000n\000t\000-\000B\000.}{subsection.5.1}% 42
\BOOKMARK [3][-]{subsubsection.5.1.4}{\376\377\000L\000e\000c\000t\000u\000r\000e\000\040\0004\000\040\000C\000o\000r\000r\000e\000c\000t\000n\000e\000s\000s\000\040\000b\000y\000\040\000C\000o\000n\000s\000t\000r\000u\000c\000t\000i\000o\000n\000\040\000w\000i\000t\000h\000\040\000t\000h\000e\000\040\000M\000o\000d\000e\000l\000l\000i\000n\000g\000\040\000L\000a\000n\000g\000u\000a\000g\000e\000\040\000E\000v\000e\000n\000t\000-\000B\000\040\000u\000s\000i\000n\000g\000\040\000t\000h\000e\000\040\000R\000e\000f\000i\000n\000e\000m\000e\000n\000t\000.}{subsection.5.1}% 43
\BOOKMARK [3][-]{subsubsection.5.1.5}{\376\377\000\040\000L\000e\000c\000t\000u\000r\000e\000\040\0005\000\040\000A\000c\000c\000e\000s\000s\000\040\000C\000o\000n\000t\000r\000o\000l\000\040\000\040}{subsection.5.1}% 44
\BOOKMARK [2][-]{subsection.5.2}{\376\377\000T\000u\000t\000o\000r\000i\000a\000l\000s}{section.5}% 45
\BOOKMARK [2][-]{subsection.5.3}{\376\377\000E\000v\000e\000n\000t\000-\000B\000\040\000M\000o\000d\000e\000l\000s}{section.5}% 46
\BOOKMARK [3][-]{subsubsection.5.3.1}{\376\377\000E\000v\000e\000n\000t\000-\000B\000\040\000A\000r\000c\000h\000i\000v\000e\000s\000\040\000f\000o\000r\000\040\000t\000h\000e\000\040\000l\000e\000c\000t\000u\000r\000e\000s}{subsection.5.3}% 47
\BOOKMARK [3][-]{subsubsection.5.3.2}{\376\377\000E\000v\000e\000n\000t\000-\000B\000\040\000A\000r\000c\000h\000i\000v\000e\000s\000\040\000f\000o\000r\000\040\000t\000h\000e\000\040\000t\000u\000t\000o\000r\000i\000a\000l\000\040\0001}{subsection.5.3}% 48
\BOOKMARK [3][-]{subsubsection.5.3.3}{\376\377\000E\000v\000e\000n\000t\000-\000B\000\040\000A\000r\000c\000h\000i\000v\000e\000s\000\040\000f\000o\000r\000\040\000t\000h\000e\000\040\000t\000u\000t\000o\000r\000i\000a\000l\000\040\0002}{subsection.5.3}% 49
\BOOKMARK [3][-]{subsubsection.5.3.4}{\376\377\000E\000v\000e\000n\000t\000-\000B\000\040\000A\000r\000c\000h\000i\000v\000e\000s\000\040\000f\000o\000r\000\040\000t\000h\000e\000\040\000t\000u\000t\000o\000r\000i\000a\000l\000\040\0003}{subsection.5.3}% 50
\BOOKMARK [3][-]{subsubsection.5.3.5}{\376\377\000E\000v\000e\000n\000t\000-\000B\000\040\000A\000r\000c\000h\000i\000v\000e\000s\000\040\000f\000o\000r\000\040\000t\000h\000e\000\040\000t\000u\000t\000o\000r\000i\000a\000l\000\040\0004}{subsection.5.3}% 51
\BOOKMARK [3][-]{subsubsection.5.3.6}{\376\377\000E\000v\000e\000n\000t\000-\000B\000\040\000A\000r\000c\000h\000i\000v\000e\000s}{subsection.5.3}% 52
