(Loading /opt/homebrew/Cellar/latexml/0.8.8/libexec/lib/perl5/LaTeXML/Package/TeX.pool.ltxml...
(Loading /opt/homebrew/Cellar/latexml/0.8.8/libexec/lib/perl5/LaTeXML/Package/eTeX.pool.ltxml... 0.00 sec)
(Loading /opt/homebrew/Cellar/latexml/0.8.8/libexec/lib/perl5/LaTeXML/Package/pdfTeX.pool.ltxml... 0.00 sec) 0.06 sec)
latexmlc (LaTeXML version 0.8.8)
invoked as [/opt/homebrew/Cellar/latexml/0.8.8/libexec/bin/latexmlc web.tex --dest=web.html]
processing started Wed Sep 18 17:18:11 2024
(Digesting TeX web...
(Processing content /Users/mery/lectures/mosos/lectures-telecom/lectures-telecom2024/web/web.tex...
(Loading /opt/homebrew/Cellar/latexml/0.8.8/libexec/lib/perl5/LaTeXML/Package/LaTeX.pool.ltxml...
(Loading /opt/homebrew/Cellar/latexml/0.8.8/libexec/lib/perl5/LaTeXML/Package/textcomp.sty.ltxml...
(Processing definitions /usr/local/texlive/2024/texmf-dist/tex/latex/base/ts1enc.dfu... 0.01 sec) 0.57 sec) 0.67 sec)
(Loading /opt/homebrew/Cellar/latexml/0.8.8/libexec/lib/perl5/LaTeXML/Package/article.cls.ltxml... 0.01 sec)
(Loading /opt/homebrew/Cellar/latexml/0.8.8/libexec/lib/perl5/LaTeXML/Package/times.sty.ltxml... 0.00 sec)
(Loading /opt/homebrew/Cellar/latexml/0.8.8/libexec/lib/perl5/LaTeXML/Package/vmargin.sty.ltxml... 0.00 sec)
(Loading /opt/homebrew/Cellar/latexml/0.8.8/libexec/lib/perl5/LaTeXML/Package/url.sty.ltxml... 0.00 sec)
(Loading /opt/homebrew/Cellar/latexml/0.8.8/libexec/lib/perl5/LaTeXML/Package/color.sty.ltxml... 0.00 sec)
(Loading /opt/homebrew/Cellar/latexml/0.8.8/libexec/lib/perl5/LaTeXML/Package/xcolor.sty.ltxml... 0.02 sec)
(Loading /opt/homebrew/Cellar/latexml/0.8.8/libexec/lib/perl5/LaTeXML/Package/cite.sty.ltxml... 0.00 sec)
Warning:missing_file:time Can't find binding for package time
	at web.tex; line 29 col 11 - line 29 col 11
	Anticipate undefined macros or environments
	search paths are /Users/mery/lectures/mosos/lectures-telecom/lectures-telecom2024/web, /Users/mery/lectures/mosos/lectures-telecom/lectures-telecom2024/web
	In Core::Definition::Constructor[\usepac... /opt/homebrew/Cellar/latexml/0.8.8/libexec/lib/perl5/LaTeXML/Package/LaTeX.pool.ltxml; line 879
(Loading /opt/homebrew/Cellar/latexml/0.8.8/libexec/lib/perl5/LaTeXML/Package/amsmath.sty.ltxml...
(Loading /opt/homebrew/Cellar/latexml/0.8.8/libexec/lib/perl5/LaTeXML/Package/amsbsy.sty.ltxml...
(Loading /opt/homebrew/Cellar/latexml/0.8.8/libexec/lib/perl5/LaTeXML/Package/amsgen.sty.ltxml... 0.00 sec) 0.00 sec)
(Loading /opt/homebrew/Cellar/latexml/0.8.8/libexec/lib/perl5/LaTeXML/Package/amstext.sty.ltxml... 0.00 sec)
(Loading /opt/homebrew/Cellar/latexml/0.8.8/libexec/lib/perl5/LaTeXML/Package/amsopn.sty.ltxml... 0.00 sec) 0.03 sec)
(Loading /opt/homebrew/Cellar/latexml/0.8.8/libexec/lib/perl5/LaTeXML/Package/amssymb.sty.ltxml...
(Loading /opt/homebrew/Cellar/latexml/0.8.8/libexec/lib/perl5/LaTeXML/Package/amsfonts.sty.ltxml... 0.00 sec) 0.01 sec)
(Loading /opt/homebrew/Cellar/latexml/0.8.8/libexec/lib/perl5/LaTeXML/Package/algorithmic.sty.ltxml...
(Processing definitions /usr/local/texlive/2024/texmf-dist/tex/latex/algorithms/algorithmic.sty...
Info:misdefined:utf-8 input isn't valid under encoding utf-8
	at algorithmic.sty; line 11 col 0 - line 11 col 0
(Loading /opt/homebrew/Cellar/latexml/0.8.8/libexec/lib/perl5/LaTeXML/Package/ifthen.sty.ltxml...
(Processing definitions /usr/local/texlive/2024/texmf-dist/tex/latex/base/ifthen.sty... 0.01 sec) 0.01 sec)
(Loading /opt/homebrew/Cellar/latexml/0.8.8/libexec/lib/perl5/LaTeXML/Package/keyval.sty.ltxml...
(Processing definitions /usr/local/texlive/2024/texmf-dist/tex/latex/graphics/keyval.sty... 0.00 sec) 0.01 sec) 0.04 sec) 0.04 sec)
(Loading /opt/homebrew/Cellar/latexml/0.8.8/libexec/lib/perl5/LaTeXML/Package/graphicx.sty.ltxml...
(Loading /opt/homebrew/Cellar/latexml/0.8.8/libexec/lib/perl5/LaTeXML/Package/graphics.sty.ltxml... 0.00 sec) 0.01 sec)
Warning:missing_file:time Can't find binding for package time
	at web.tex; line 34 col 11 - line 34 col 11
	Anticipate undefined macros or environments
	In Core::Definition::Constructor[\usepac... /opt/homebrew/Cellar/latexml/0.8.8/libexec/lib/perl5/LaTeXML/Package/LaTeX.pool.ltxml; line 879
Warning:missing_file:nbcode Can't find binding for package nbcode
	at web.tex; line 34 col 11 - line 34 col 11
	Anticipate undefined macros or environments
	In Core::Definition::Constructor[\usepac... /opt/homebrew/Cellar/latexml/0.8.8/libexec/lib/perl5/LaTeXML/Package/LaTeX.pool.ltxml; line 879
Warning:missing_file:version Can't find binding for package version
	at web.tex; line 34 col 11 - line 34 col 11
	Anticipate undefined macros or environments
	In Core::Definition::Constructor[\usepac... /opt/homebrew/Cellar/latexml/0.8.8/libexec/lib/perl5/LaTeXML/Package/LaTeX.pool.ltxml; line 879
(Loading /opt/homebrew/Cellar/latexml/0.8.8/libexec/lib/perl5/LaTeXML/Package/wrapfig.sty.ltxml... 0.00 sec)
(Loading /opt/homebrew/Cellar/latexml/0.8.8/libexec/lib/perl5/LaTeXML/Package/caption.sty.ltxml... 0.00 sec)
(Loading /opt/homebrew/Cellar/latexml/0.8.8/libexec/lib/perl5/LaTeXML/Package/bm.sty.ltxml... 0.00 sec)
(Loading /opt/homebrew/Cellar/latexml/0.8.8/libexec/lib/perl5/LaTeXML/Package/float.sty.ltxml... 0.00 sec)
(Loading /opt/homebrew/Cellar/latexml/0.8.8/libexec/lib/perl5/LaTeXML/Package/enumitem.sty.ltxml... 0.00 sec)
(Loading /opt/homebrew/Cellar/latexml/0.8.8/libexec/lib/perl5/LaTeXML/Package/listings.sty.ltxml...
(Processing definitions /usr/local/texlive/2024/texmf-dist/tex/latex/listings/listings.cfg... 0.01 sec) 0.04 sec)
Warning:missing_file:bussproofs Can't find binding for package bussproofs
	at web.tex; line 42 col 11 - line 42 col 11
	Anticipate undefined macros or environments
	In Core::Definition::Constructor[\usepac... /opt/homebrew/Cellar/latexml/0.8.8/libexec/lib/perl5/LaTeXML/Package/LaTeX.pool.ltxml; line 879
(Loading /opt/homebrew/Cellar/latexml/0.8.8/libexec/lib/perl5/LaTeXML/Package/setspace.sty.ltxml... 0.00 sec)
(Loading /opt/homebrew/Cellar/latexml/0.8.8/libexec/lib/perl5/LaTeXML/Package/xspace.sty.ltxml... 0.00 sec)
(Loading /opt/homebrew/Cellar/latexml/0.8.8/libexec/lib/perl5/LaTeXML/Package/hyperref.sty.ltxml...
(Loading /opt/homebrew/Cellar/latexml/0.8.8/libexec/lib/perl5/LaTeXML/Package/ltxcmds.sty.ltxml...
(Processing definitions /usr/local/texlive/2024/texmf-dist/tex/generic/ltxcmds/ltxcmds.sty... 0.04 sec) 0.04 sec)
(Loading /opt/homebrew/Cellar/latexml/0.8.8/libexec/lib/perl5/LaTeXML/Package/kvsetkeys.sty.ltxml...
(Processing definitions /usr/local/texlive/2024/texmf-dist/tex/latex/kvsetkeys/kvsetkeys.sty... 0.03 sec) 0.03 sec)
(Loading /opt/homebrew/Cellar/latexml/0.8.8/libexec/lib/perl5/LaTeXML/Package/kvdefinekeys.sty.ltxml...
(Processing definitions /usr/local/texlive/2024/texmf-dist/tex/generic/kvdefinekeys/kvdefinekeys.sty... 0.01 sec) 0.01 sec)
(Loading /opt/homebrew/Cellar/latexml/0.8.8/libexec/lib/perl5/LaTeXML/Package/kvoptions.sty.ltxml...
(Processing definitions /usr/local/texlive/2024/texmf-dist/tex/latex/kvoptions/kvoptions.sty... 0.07 sec) 0.07 sec)
(Loading /opt/homebrew/Cellar/latexml/0.8.8/libexec/lib/perl5/LaTeXML/Package/nameref.sty.ltxml...
(Loading /opt/homebrew/Cellar/latexml/0.8.8/libexec/lib/perl5/LaTeXML/Package/refcount.sty.ltxml...
(Processing definitions /usr/local/texlive/2024/texmf-dist/tex/latex/refcount/refcount.sty...
(Loading /opt/homebrew/Cellar/latexml/0.8.8/libexec/lib/perl5/LaTeXML/Package/infwarerr.sty.ltxml...
(Processing definitions /usr/local/texlive/2024/texmf-dist/tex/generic/infwarerr/infwarerr.sty... 0.02 sec) 0.02 sec) 0.05 sec) 0.05 sec)
(Loading /opt/homebrew/Cellar/latexml/0.8.8/libexec/lib/perl5/LaTeXML/Package/gettitlestring.sty.ltxml...
(Processing definitions /usr/local/texlive/2024/texmf-dist/tex/generic/gettitlestring/gettitlestring.sty... 0.23 sec) 0.23 sec) 0.29 sec)
(Loading /opt/homebrew/Cellar/latexml/0.8.8/libexec/lib/perl5/LaTeXML/Package/bitset.sty.ltxml...
(Processing definitions /usr/local/texlive/2024/texmf-dist/tex/generic/bitset/bitset.sty...
(Loading /opt/homebrew/Cellar/latexml/0.8.8/libexec/lib/perl5/LaTeXML/Package/intcalc.sty.ltxml...
(Processing definitions /usr/local/texlive/2024/texmf-dist/tex/generic/intcalc/intcalc.sty... 0.03 sec) 0.03 sec)
(Loading /opt/homebrew/Cellar/latexml/0.8.8/libexec/lib/perl5/LaTeXML/Package/bigintcalc.sty.ltxml...
(Processing definitions /usr/local/texlive/2024/texmf-dist/tex/generic/bigintcalc/bigintcalc.sty...
(Loading /opt/homebrew/Cellar/latexml/0.8.8/libexec/lib/perl5/LaTeXML/Package/pdftexcmds.sty.ltxml...
(Loading /opt/homebrew/Cellar/latexml/0.8.8/libexec/lib/perl5/LaTeXML/Package/iftex.sty.ltxml... 0.00 sec) 0.00 sec) 0.08 sec) 0.08 sec) 0.19 sec) 0.19 sec) 0.67 sec)
(Processing content /Users/mery/lectures/mosos/lectures-telecom/lectures-telecom2024/web/prelude.tex...
Warning:missing_file:mathpartir Can't find binding for package mathpartir
	at prelude.tex; line 9 col 11 - line 9 col 11
	Anticipate undefined macros or environments
	In Core::Definition::Constructor[\usepac... /opt/homebrew/Cellar/latexml/0.8.8/libexec/lib/perl5/LaTeXML/Package/LaTeX.pool.ltxml; line 879
(Loading /opt/homebrew/Cellar/latexml/0.8.8/libexec/lib/perl5/LaTeXML/Package/amsthm.sty.ltxml... 0.01 sec)
(Loading /opt/homebrew/Cellar/latexml/0.8.8/libexec/lib/perl5/LaTeXML/Package/rotating.sty.ltxml... 0.01 sec)
Warning:missing_file:blox Can't find binding for package blox
	at prelude.tex; line 12 col 11 - line 12 col 11
	Anticipate undefined macros or environments
	In Core::Definition::Constructor[\usepac... /opt/homebrew/Cellar/latexml/0.8.8/libexec/lib/perl5/LaTeXML/Package/LaTeX.pool.ltxml; line 879
Info:dependencies:dependencies Loading dependencies for /usr/local/texlive/2024/texmf-dist/tex/latex/blox/blox.sty: tikz,pgffor
	at prelude.tex; line 12 col 11 - line 12 col 11
(Loading /opt/homebrew/Cellar/latexml/0.8.8/libexec/lib/perl5/LaTeXML/Package/tikz.sty.ltxml...
(Processing definitions /usr/local/texlive/2024/texmf-dist/tex/latex/pgf/frontendlayer/tikz.sty...
(Loading /opt/homebrew/Cellar/latexml/0.8.8/libexec/lib/perl5/LaTeXML/Package/pgf.sty.ltxml...
(Processing definitions /usr/local/texlive/2024/texmf-dist/tex/latex/pgf/basiclayer/pgf.sty...
(Processing definitions /usr/local/texlive/2024/texmf-dist/tex/latex/pgf/utilities/pgfrcs.sty...
(Loading /opt/homebrew/Cellar/latexml/0.8.8/libexec/lib/perl5/LaTeXML/Package/pgfutil-common.tex.ltxml...
(Processing definitions /usr/local/texlive/2024/texmf-dist/tex/generic/pgf/utilities/pgfutil-common.tex... 0.04 sec) 0.04 sec)
(Processing definitions /usr/local/texlive/2024/texmf-dist/tex/generic/pgf/utilities/pgfutil-latex.def...
(Processing definitions /usr/local/texlive/2024/texmf-dist/tex/latex/everyshi/everyshi.sty...
(Processing definitions /usr/local/texlive/2024/texmf-dist/tex/latex/everyshi/everyshi-2001-05-15.sty... 0.00 sec) 0.10 sec) 0.12 sec)
(Processing definitions /usr/local/texlive/2024/texmf-dist/tex/generic/pgf/utilities/pgfrcs.code.tex...
(Processing definitions /usr/local/texlive/2024/texmf-dist/tex/generic/pgf/pgf.revision.tex... 0.00 sec) 0.01 sec) 0.27 sec)
(Processing definitions /usr/local/texlive/2024/texmf-dist/tex/latex/pgf/basiclayer/pgfcore.sty...
(Processing definitions /usr/local/texlive/2024/texmf-dist/tex/latex/pgf/systemlayer/pgfsys.sty...
(Processing definitions /usr/local/texlive/2024/texmf-dist/tex/generic/pgf/systemlayer/pgfsys.code.tex...
(Loading /opt/homebrew/Cellar/latexml/0.8.8/libexec/lib/perl5/LaTeXML/Package/pgfkeys.code.tex.ltxml...
(Processing definitions /usr/local/texlive/2024/texmf-dist/tex/generic/pgf/utilities/pgfkeys.code.tex...
(Processing definitions /usr/local/texlive/2024/texmf-dist/tex/generic/pgf/utilities/pgfkeyslibraryfiltered.code.tex... 0.16 sec) 0.44 sec) 0.45 sec)
(Processing definitions /usr/local/texlive/2024/texmf-dist/tex/generic/pgf/systemlayer/pgf.cfg... 0.00 sec)
Driver file for pgf: pgfsys-latexml.def
(Loading /opt/homebrew/Cellar/latexml/0.8.8/libexec/lib/perl5/LaTeXML/Package/pgfsys-latexml.def.ltxml... 0.01 sec) 0.82 sec)
(Processing definitions /usr/local/texlive/2024/texmf-dist/tex/generic/pgf/systemlayer/pgfsyssoftpath.code.tex... 0.01 sec)
(Processing definitions /usr/local/texlive/2024/texmf-dist/tex/generic/pgf/systemlayer/pgfsysprotocol.code.tex... 0.00 sec) 0.84 sec)
(Processing definitions /usr/local/texlive/2024/texmf-dist/tex/generic/pgf/basiclayer/pgfcore.code.tex...
(Loading /opt/homebrew/Cellar/latexml/0.8.8/libexec/lib/perl5/LaTeXML/Package/pgfmath.code.tex.ltxml...
(Processing definitions /usr/local/texlive/2024/texmf-dist/tex/generic/pgf/math/pgfmath.code.tex...
(Processing definitions /usr/local/texlive/2024/texmf-dist/tex/generic/pgf/math/pgfmathutil.code.tex... 0.03 sec)
(Processing definitions /usr/local/texlive/2024/texmf-dist/tex/generic/pgf/math/pgfmathparser.code.tex... 0.11 sec)
(Processing definitions /usr/local/texlive/2024/texmf-dist/tex/generic/pgf/math/pgfmathfunctions.code.tex... 0.06 sec)
(Processing definitions /usr/local/texlive/2024/texmf-dist/tex/generic/pgf/math/pgfmathfunctions.basic.code.tex... 0.12 sec)
(Processing definitions /usr/local/texlive/2024/texmf-dist/tex/generic/pgf/math/pgfmathfunctions.trigonometric.code.tex... 0.46 sec)
(Processing definitions /usr/local/texlive/2024/texmf-dist/tex/generic/pgf/math/pgfmathfunctions.random.code.tex... 0.02 sec)
(Processing definitions /usr/local/texlive/2024/texmf-dist/tex/generic/pgf/math/pgfmathfunctions.comparison.code.tex... 0.08 sec)
(Processing definitions /usr/local/texlive/2024/texmf-dist/tex/generic/pgf/math/pgfmathfunctions.base.code.tex... 0.04 sec)
(Processing definitions /usr/local/texlive/2024/texmf-dist/tex/generic/pgf/math/pgfmathfunctions.round.code.tex... 0.02 sec)
(Processing definitions /usr/local/texlive/2024/texmf-dist/tex/generic/pgf/math/pgfmathfunctions.misc.code.tex... 0.05 sec)
(Processing definitions /usr/local/texlive/2024/texmf-dist/tex/generic/pgf/math/pgfmathfunctions.integerarithmetics.code.tex... 0.02 sec)
(Loading /opt/homebrew/Cellar/latexml/0.8.8/libexec/lib/perl5/LaTeXML/Package/pgfmathcalc.code.tex.ltxml...
(Processing definitions /usr/local/texlive/2024/texmf-dist/tex/generic/pgf/math/pgfmathcalc.code.tex... 0.02 sec) 0.02 sec)
(Processing definitions /usr/local/texlive/2024/texmf-dist/tex/generic/pgf/math/pgfmathfloat.code.tex... 0.62 sec) 1.67 sec) 1.68 sec)
(Processing definitions /usr/local/texlive/2024/texmf-dist/tex/generic/pgf/math/pgfint.code.tex... 0.00 sec)
(Processing definitions /usr/local/texlive/2024/texmf-dist/tex/generic/pgf/basiclayer/pgfcorepoints.code.tex... 0.06 sec)
(Processing definitions /usr/local/texlive/2024/texmf-dist/tex/generic/pgf/basiclayer/pgfcorepathconstruct.code.tex... 0.07 sec)
(Processing definitions /usr/local/texlive/2024/texmf-dist/tex/generic/pgf/basiclayer/pgfcorepathusage.code.tex... 0.10 sec)
(Processing definitions /usr/local/texlive/2024/texmf-dist/tex/generic/pgf/basiclayer/pgfcorescopes.code.tex... 0.10 sec)
(Processing definitions /usr/local/texlive/2024/texmf-dist/tex/generic/pgf/basiclayer/pgfcoregraphicstate.code.tex... 0.01 sec)
(Processing definitions /usr/local/texlive/2024/texmf-dist/tex/generic/pgf/basiclayer/pgfcoretransformations.code.tex... 0.03 sec)
(Processing definitions /usr/local/texlive/2024/texmf-dist/tex/generic/pgf/basiclayer/pgfcorequick.code.tex... 0.00 sec)
(Processing definitions /usr/local/texlive/2024/texmf-dist/tex/generic/pgf/basiclayer/pgfcoreobjects.code.tex... 0.00 sec)
(Processing definitions /usr/local/texlive/2024/texmf-dist/tex/generic/pgf/basiclayer/pgfcorepathprocessing.code.tex... 0.02 sec)
(Processing definitions /usr/local/texlive/2024/texmf-dist/tex/generic/pgf/basiclayer/pgfcorearrows.code.tex... 0.68 sec)
(Processing definitions /usr/local/texlive/2024/texmf-dist/tex/generic/pgf/basiclayer/pgfcoreshade.code.tex... 0.05 sec)
(Processing definitions /usr/local/texlive/2024/texmf-dist/tex/generic/pgf/basiclayer/pgfcoreimage.code.tex... 0.07 sec)
(Processing definitions /usr/local/texlive/2024/texmf-dist/tex/generic/pgf/basiclayer/pgfcoreexternal.code.tex... 0.06 sec)
(Processing definitions /usr/local/texlive/2024/texmf-dist/tex/generic/pgf/basiclayer/pgfcorelayers.code.tex... 0.01 sec)
(Processing definitions /usr/local/texlive/2024/texmf-dist/tex/generic/pgf/basiclayer/pgfcoretransparency.code.tex... 0.04 sec)
(Processing definitions /usr/local/texlive/2024/texmf-dist/tex/generic/pgf/basiclayer/pgfcorepatterns.code.tex... 0.01 sec)
(Processing definitions /usr/local/texlive/2024/texmf-dist/tex/generic/pgf/basiclayer/pgfcorerdf.code.tex... 0.01 sec) 3.02 sec) 3.87 sec)
(Processing definitions /usr/local/texlive/2024/texmf-dist/tex/generic/pgf/modules/pgfmoduleshapes.code.tex... 0.14 sec)
(Processing definitions /usr/local/texlive/2024/texmf-dist/tex/generic/pgf/modules/pgfmoduleplot.code.tex... 0.14 sec)
(Processing definitions /usr/local/texlive/2024/texmf-dist/tex/latex/pgf/compatibility/pgfcomp-version-0-65.sty... 0.12 sec)
(Processing definitions /usr/local/texlive/2024/texmf-dist/tex/latex/pgf/compatibility/pgfcomp-version-1-18.sty... 0.01 sec) 4.56 sec) 4.56 sec)
(Processing definitions /usr/local/texlive/2024/texmf-dist/tex/latex/pgf/utilities/pgffor.sty...
(Processing definitions /usr/local/texlive/2024/texmf-dist/tex/latex/pgf/utilities/pgfkeys.sty... 0.00 sec)
(Processing definitions /usr/local/texlive/2024/texmf-dist/tex/latex/pgf/math/pgfmath.sty... 0.01 sec)
(Processing definitions /usr/local/texlive/2024/texmf-dist/tex/generic/pgf/utilities/pgffor.code.tex... 0.10 sec) 0.12 sec)
(Processing definitions /usr/local/texlive/2024/texmf-dist/tex/generic/pgf/frontendlayer/tikz/tikz.code.tex...
(Processing definitions /usr/local/texlive/2024/texmf-dist/tex/generic/pgf/libraries/pgflibraryplothandlers.code.tex... 0.07 sec)
(Processing definitions /usr/local/texlive/2024/texmf-dist/tex/generic/pgf/modules/pgfmodulematrix.code.tex... 0.03 sec)
(Processing definitions /usr/local/texlive/2024/texmf-dist/tex/generic/pgf/frontendlayer/tikz/libraries/tikzlibrarytopaths.code.tex... 0.10 sec) 1.84 sec) 6.53 sec) 6.53 sec)
Warning:missing_file:eventblst Can't find binding for package eventblst
	at prelude.tex; line 14 col 11 - line 14 col 11
	Anticipate undefined macros or environments
	In Core::Definition::Constructor[\usepac... /opt/homebrew/Cellar/latexml/0.8.8/libexec/lib/perl5/LaTeXML/Package/LaTeX.pool.ltxml; line 879
Info:dependencies:dependencies Loading dependencies for /Users/mery/lectures/mosos/lectures-telecom/lectures-telecom2024/web/eventblst.sty: bsymb
	at prelude.tex; line 14 col 11 - line 14 col 11
Warning:missing_file:dafny Can't find binding for package dafny
	at prelude.tex; line 16 col 0 - line 16 col 1
	Anticipate undefined macros or environments
	In Core::Definition::Constructor[\usepac... /opt/homebrew/Cellar/latexml/0.8.8/libexec/lib/perl5/LaTeXML/Package/LaTeX.pool.ltxml; line 879
Warning:missing_file:outlines Can't find binding for package outlines
	at prelude.tex; line 57 col 0 - line 57 col 1
	Anticipate undefined macros or environments
	In Core::Definition::Constructor[\usepac... /opt/homebrew/Cellar/latexml/0.8.8/libexec/lib/perl5/LaTeXML/Package/LaTeX.pool.ltxml; line 879
(Loading /opt/homebrew/Cellar/latexml/0.8.8/libexec/lib/perl5/LaTeXML/Package/ulem.sty.ltxml... 0.00 sec) 7.26 sec)
(Processing content /Users/mery/lectures/mosos/lectures-telecom/lectures-telecom2024/web/eb2latex.tex... 0.01 sec)
Info:unexpected:options Unused global options: 12pt
	at web.tex; line 74 col 0 - line 74 col 16
ABD: EveryShipout initializing macros
Error:unexpected:\end{itemize} Can't close environment itemize;
	at web.tex; line 112 col 0 - line 112 col 13
	Current are:
	document web.tex; line 74 col 0 - line 74 col 16
	In Core::Definition::Constructor[\end{it... /opt/homebrew/Cellar/latexml/0.8.8/libexec/lib/perl5/LaTeXML/Package/enumitem.sty.ltxml; line 149
	 <= Core::Stomach[@0x1365d2ae0] <= ...
Warning:unexpected:\end{document} Attempt to end document with open groups, environments or conditionals
	at web.tex; line 158 col 0 - line 158 col 14
	In Core::Definition::Constructor[\end{do... /opt/homebrew/Cellar/latexml/0.8.8/libexec/lib/perl5/LaTeXML/Package/LaTeX.pool.ltxml; line 408
Error:unexpected:\end{document} Attempt to end mode text
	at web.tex; line 158 col 0 - line 158 col 14
	current frame is boxing group due to Initialization 
	In Core::Stomach[@0x1365d2ae0] /Users/mery/lectures/mosos/lectures-telecom/lectures-telecom2024/web/web.tex; from line 158 col 0 to line 158 col 14
	 <= Core::Definition::Constructor[\end{do... <= Core::Stomach[@0x1365d2ae0] <= ...
 9.45 sec) 9.45 sec)
(Building...
(Loading compiled schema /opt/homebrew/Cellar/latexml/0.8.8/libexec/lib/perl5/LaTeXML/resources/RelaxNG/LaTeXML.model... 0.00 sec) 0.09 sec)
(Rewriting... 0.00 sec)
(Finalizing... 0.00 sec)
Conversion complete: 11 warnings; 2 errors; 9 missing files[time.sty, dafny.sty, blox.sty, version.sty, bussproofs.sty, eventblst.sty, nbcode.sty, outlines.sty, mathpartir.sty] (See /Users/mery/lectures/mosos/lectures-telecom/lectures-telecom2024/web/web.latexml.log)
(post-processing...
(Scan web.html processing...
Scan: DBStatus: 38/0 objects
 0.00 sec)
(MakeBibliography web.html processing...
(Recursive MakeBibliography /Users/mery/lectures/mosos/lectures-telecom/lectures-telecom2024/web/references.bib...
(Loading /opt/homebrew/Cellar/latexml/0.8.8/libexec/lib/perl5/LaTeXML/Package/TeX.pool.ltxml...
(Loading /opt/homebrew/Cellar/latexml/0.8.8/libexec/lib/perl5/LaTeXML/Package/eTeX.pool.ltxml... 0.00 sec)
(Loading /opt/homebrew/Cellar/latexml/0.8.8/libexec/lib/perl5/LaTeXML/Package/pdfTeX.pool.ltxml... 0.00 sec) 0.07 sec)
(Loading /opt/homebrew/Cellar/latexml/0.8.8/libexec/lib/perl5/LaTeXML/Package/LaTeX.pool.ltxml...
(Loading /opt/homebrew/Cellar/latexml/0.8.8/libexec/lib/perl5/LaTeXML/Package/textcomp.sty.ltxml...
(Processing definitions /usr/local/texlive/2024/texmf-dist/tex/latex/base/ts1enc.dfu... 0.01 sec) 0.01 sec) 0.12 sec)
(Loading /opt/homebrew/Cellar/latexml/0.8.8/libexec/lib/perl5/LaTeXML/Package/BibTeX.pool.ltxml... 0.01 sec)
(Loading /opt/homebrew/Cellar/latexml/0.8.8/libexec/lib/perl5/LaTeXML/Package/article.cls.ltxml... 0.01 sec)
(Loading /opt/homebrew/Cellar/latexml/0.8.8/libexec/lib/perl5/LaTeXML/Package/times.sty.ltxml... 0.00 sec)
(Loading /opt/homebrew/Cellar/latexml/0.8.8/libexec/lib/perl5/LaTeXML/Package/vmargin.sty.ltxml... 0.00 sec)
(Loading /opt/homebrew/Cellar/latexml/0.8.8/libexec/lib/perl5/LaTeXML/Package/url.sty.ltxml... 0.00 sec)
(Loading /opt/homebrew/Cellar/latexml/0.8.8/libexec/lib/perl5/LaTeXML/Package/color.sty.ltxml... 0.00 sec)
(Loading /opt/homebrew/Cellar/latexml/0.8.8/libexec/lib/perl5/LaTeXML/Package/xcolor.sty.ltxml... 0.02 sec)
(Loading /opt/homebrew/Cellar/latexml/0.8.8/libexec/lib/perl5/LaTeXML/Package/cite.sty.ltxml... 0.00 sec)
(Processing definitions /usr/local/texlive/2024/texmf-dist/tex/latex/piff/time.sty...
time.sty v1.0a, (C) Copyright Mike Piff, 15 Feb 1995 10:55:01 BST
 0.00 sec)
(Loading /opt/homebrew/Cellar/latexml/0.8.8/libexec/lib/perl5/LaTeXML/Package/amsmath.sty.ltxml...
(Loading /opt/homebrew/Cellar/latexml/0.8.8/libexec/lib/perl5/LaTeXML/Package/amsbsy.sty.ltxml...
(Loading /opt/homebrew/Cellar/latexml/0.8.8/libexec/lib/perl5/LaTeXML/Package/amsgen.sty.ltxml... 0.00 sec) 0.00 sec)
(Loading /opt/homebrew/Cellar/latexml/0.8.8/libexec/lib/perl5/LaTeXML/Package/amstext.sty.ltxml... 0.00 sec)
(Loading /opt/homebrew/Cellar/latexml/0.8.8/libexec/lib/perl5/LaTeXML/Package/amsopn.sty.ltxml... 0.00 sec) 0.03 sec)
(Loading /opt/homebrew/Cellar/latexml/0.8.8/libexec/lib/perl5/LaTeXML/Package/amssymb.sty.ltxml...
(Loading /opt/homebrew/Cellar/latexml/0.8.8/libexec/lib/perl5/LaTeXML/Package/amsfonts.sty.ltxml... 0.00 sec) 0.01 sec)
(Loading /opt/homebrew/Cellar/latexml/0.8.8/libexec/lib/perl5/LaTeXML/Package/algorithmic.sty.ltxml...
(Processing definitions /usr/local/texlive/2024/texmf-dist/tex/latex/algorithms/algorithmic.sty...
Info:misdefined:utf-8 input isn't valid under encoding utf-8
	at algorithmic.sty; line 11 col 0 - line 11 col 0
(Loading /opt/homebrew/Cellar/latexml/0.8.8/libexec/lib/perl5/LaTeXML/Package/ifthen.sty.ltxml...
(Processing definitions /usr/local/texlive/2024/texmf-dist/tex/latex/base/ifthen.sty... 0.01 sec) 0.01 sec)
(Loading /opt/homebrew/Cellar/latexml/0.8.8/libexec/lib/perl5/LaTeXML/Package/keyval.sty.ltxml...
(Processing definitions /usr/local/texlive/2024/texmf-dist/tex/latex/graphics/keyval.sty... 0.00 sec) 0.01 sec) 0.04 sec) 0.04 sec)
(Loading /opt/homebrew/Cellar/latexml/0.8.8/libexec/lib/perl5/LaTeXML/Package/graphicx.sty.ltxml...
(Loading /opt/homebrew/Cellar/latexml/0.8.8/libexec/lib/perl5/LaTeXML/Package/graphics.sty.ltxml... 0.00 sec) 0.01 sec)
(Processing definitions /Users/mery/lectures/mosos/lectures-telecom/lectures-telecom2024/web/nbcode.sty... 0.01 sec)
(Processing definitions /usr/local/texlive/2024/texmf-dist/tex/latex/version/version.sty...
Info:latex:(version)  Package version Info: Excluding comment environments declared        
	at version.sty; line 115 col 0 - line 115 col 24
 0.00 sec)
(Loading /opt/homebrew/Cellar/latexml/0.8.8/libexec/lib/perl5/LaTeXML/Package/wrapfig.sty.ltxml... 0.00 sec)
(Loading /opt/homebrew/Cellar/latexml/0.8.8/libexec/lib/perl5/LaTeXML/Package/caption.sty.ltxml... 0.00 sec)
(Loading /opt/homebrew/Cellar/latexml/0.8.8/libexec/lib/perl5/LaTeXML/Package/bm.sty.ltxml... 0.00 sec)
(Loading /opt/homebrew/Cellar/latexml/0.8.8/libexec/lib/perl5/LaTeXML/Package/float.sty.ltxml... 0.00 sec)
(Loading /opt/homebrew/Cellar/latexml/0.8.8/libexec/lib/perl5/LaTeXML/Package/enumitem.sty.ltxml... 0.00 sec)
(Loading /opt/homebrew/Cellar/latexml/0.8.8/libexec/lib/perl5/LaTeXML/Package/listings.sty.ltxml...
(Processing definitions /usr/local/texlive/2024/texmf-dist/tex/latex/listings/listings.cfg... 0.01 sec)
(Processing definitions /usr/local/texlive/2024/texmf-dist/tex/latex/listings/lstlang1.sty... 0.56 sec)
(Processing definitions /usr/local/texlive/2024/texmf-dist/tex/latex/listings/lstlang2.sty... 0.26 sec)
(Processing definitions /usr/local/texlive/2024/texmf-dist/tex/latex/listings/lstlang3.sty... 0.24 sec) 1.60 sec)
(Processing definitions /usr/local/texlive/2024/texmf-dist/tex/latex/bussproofs/bussproofs.sty...
Proof Tree (bussproofs) style macros. Version 1.1.
 0.05 sec)
(Loading /opt/homebrew/Cellar/latexml/0.8.8/libexec/lib/perl5/LaTeXML/Package/setspace.sty.ltxml... 0.00 sec)
(Loading /opt/homebrew/Cellar/latexml/0.8.8/libexec/lib/perl5/LaTeXML/Package/xspace.sty.ltxml... 0.00 sec)
(Loading /opt/homebrew/Cellar/latexml/0.8.8/libexec/lib/perl5/LaTeXML/Package/hyperref.sty.ltxml...
(Loading /opt/homebrew/Cellar/latexml/0.8.8/libexec/lib/perl5/LaTeXML/Package/ltxcmds.sty.ltxml...
(Processing definitions /usr/local/texlive/2024/texmf-dist/tex/generic/ltxcmds/ltxcmds.sty... 0.04 sec) 0.04 sec)
(Loading /opt/homebrew/Cellar/latexml/0.8.8/libexec/lib/perl5/LaTeXML/Package/kvsetkeys.sty.ltxml...
(Processing definitions /usr/local/texlive/2024/texmf-dist/tex/latex/kvsetkeys/kvsetkeys.sty... 0.03 sec) 0.03 sec)
(Loading /opt/homebrew/Cellar/latexml/0.8.8/libexec/lib/perl5/LaTeXML/Package/kvdefinekeys.sty.ltxml...
(Processing definitions /usr/local/texlive/2024/texmf-dist/tex/generic/kvdefinekeys/kvdefinekeys.sty... 0.01 sec) 0.01 sec)
(Loading /opt/homebrew/Cellar/latexml/0.8.8/libexec/lib/perl5/LaTeXML/Package/kvoptions.sty.ltxml...
(Processing definitions /usr/local/texlive/2024/texmf-dist/tex/latex/kvoptions/kvoptions.sty... 0.07 sec) 0.07 sec)
(Loading /opt/homebrew/Cellar/latexml/0.8.8/libexec/lib/perl5/LaTeXML/Package/nameref.sty.ltxml...
(Loading /opt/homebrew/Cellar/latexml/0.8.8/libexec/lib/perl5/LaTeXML/Package/refcount.sty.ltxml...
(Processing definitions /usr/local/texlive/2024/texmf-dist/tex/latex/refcount/refcount.sty...
(Loading /opt/homebrew/Cellar/latexml/0.8.8/libexec/lib/perl5/LaTeXML/Package/infwarerr.sty.ltxml...
(Processing definitions /usr/local/texlive/2024/texmf-dist/tex/generic/infwarerr/infwarerr.sty... 0.02 sec) 0.02 sec) 0.05 sec) 0.05 sec)
(Loading /opt/homebrew/Cellar/latexml/0.8.8/libexec/lib/perl5/LaTeXML/Package/gettitlestring.sty.ltxml...
(Processing definitions /usr/local/texlive/2024/texmf-dist/tex/generic/gettitlestring/gettitlestring.sty... 0.27 sec) 0.27 sec) 0.33 sec)
(Loading /opt/homebrew/Cellar/latexml/0.8.8/libexec/lib/perl5/LaTeXML/Package/bitset.sty.ltxml...
(Processing definitions /usr/local/texlive/2024/texmf-dist/tex/generic/bitset/bitset.sty...
(Loading /opt/homebrew/Cellar/latexml/0.8.8/libexec/lib/perl5/LaTeXML/Package/intcalc.sty.ltxml...
(Processing definitions /usr/local/texlive/2024/texmf-dist/tex/generic/intcalc/intcalc.sty... 0.03 sec) 0.03 sec)
(Loading /opt/homebrew/Cellar/latexml/0.8.8/libexec/lib/perl5/LaTeXML/Package/bigintcalc.sty.ltxml...
(Processing definitions /usr/local/texlive/2024/texmf-dist/tex/generic/bigintcalc/bigintcalc.sty...
(Loading /opt/homebrew/Cellar/latexml/0.8.8/libexec/lib/perl5/LaTeXML/Package/pdftexcmds.sty.ltxml...
(Loading /opt/homebrew/Cellar/latexml/0.8.8/libexec/lib/perl5/LaTeXML/Package/iftex.sty.ltxml... 0.00 sec) 0.00 sec) 0.08 sec) 0.08 sec) 0.20 sec) 0.20 sec) 0.73 sec)
(Processing definitions /usr/local/texlive/2024/texmf-dist/tex/latex/mathpartir/mathpartir.sty... 0.04 sec)
(Loading /opt/homebrew/Cellar/latexml/0.8.8/libexec/lib/perl5/LaTeXML/Package/amsthm.sty.ltxml... 0.01 sec)
(Loading /opt/homebrew/Cellar/latexml/0.8.8/libexec/lib/perl5/LaTeXML/Package/rotating.sty.ltxml... 0.01 sec)
(Processing definitions /usr/local/texlive/2024/texmf-dist/tex/latex/blox/blox.sty...
* 
blox: Just an English translation of schemabloc package.
blox Copyright (C) 2014-2021 Ben Reish
* 
This program comes with ABSOLUTELY NO WARRANTY.
This is free software, and you are welcome to redistribute it
under certain conditions.
* 
(Loading /opt/homebrew/Cellar/latexml/0.8.8/libexec/lib/perl5/LaTeXML/Package/tikz.sty.ltxml...
(Processing definitions /usr/local/texlive/2024/texmf-dist/tex/latex/pgf/frontendlayer/tikz.sty...
(Loading /opt/homebrew/Cellar/latexml/0.8.8/libexec/lib/perl5/LaTeXML/Package/pgf.sty.ltxml...
(Processing definitions /usr/local/texlive/2024/texmf-dist/tex/latex/pgf/basiclayer/pgf.sty...
(Processing definitions /usr/local/texlive/2024/texmf-dist/tex/latex/pgf/utilities/pgfrcs.sty...
(Loading /opt/homebrew/Cellar/latexml/0.8.8/libexec/lib/perl5/LaTeXML/Package/pgfutil-common.tex.ltxml...
(Processing definitions /usr/local/texlive/2024/texmf-dist/tex/generic/pgf/utilities/pgfutil-common.tex... 0.04 sec) 0.04 sec)
(Processing definitions /usr/local/texlive/2024/texmf-dist/tex/generic/pgf/utilities/pgfutil-latex.def...
(Processing definitions /usr/local/texlive/2024/texmf-dist/tex/latex/everyshi/everyshi.sty...
(Processing definitions /usr/local/texlive/2024/texmf-dist/tex/latex/everyshi/everyshi-2001-05-15.sty... 0.00 sec) 0.11 sec) 0.13 sec)
(Processing definitions /usr/local/texlive/2024/texmf-dist/tex/generic/pgf/utilities/pgfrcs.code.tex...
(Processing definitions /usr/local/texlive/2024/texmf-dist/tex/generic/pgf/pgf.revision.tex... 0.00 sec) 0.01 sec) 0.29 sec)
(Processing definitions /usr/local/texlive/2024/texmf-dist/tex/latex/pgf/basiclayer/pgfcore.sty...
(Processing definitions /usr/local/texlive/2024/texmf-dist/tex/latex/pgf/systemlayer/pgfsys.sty...
(Processing definitions /usr/local/texlive/2024/texmf-dist/tex/generic/pgf/systemlayer/pgfsys.code.tex...
(Loading /opt/homebrew/Cellar/latexml/0.8.8/libexec/lib/perl5/LaTeXML/Package/pgfkeys.code.tex.ltxml...
(Processing definitions /usr/local/texlive/2024/texmf-dist/tex/generic/pgf/utilities/pgfkeys.code.tex...
(Processing definitions /usr/local/texlive/2024/texmf-dist/tex/generic/pgf/utilities/pgfkeyslibraryfiltered.code.tex... 0.16 sec) 0.45 sec) 0.45 sec)
(Processing definitions /usr/local/texlive/2024/texmf-dist/tex/generic/pgf/systemlayer/pgf.cfg... 0.00 sec)
Driver file for pgf: pgfsys-latexml.def
(Loading /opt/homebrew/Cellar/latexml/0.8.8/libexec/lib/perl5/LaTeXML/Package/pgfsys-latexml.def.ltxml... 0.01 sec) 0.84 sec)
(Processing definitions /usr/local/texlive/2024/texmf-dist/tex/generic/pgf/systemlayer/pgfsyssoftpath.code.tex... 0.01 sec)
(Processing definitions /usr/local/texlive/2024/texmf-dist/tex/generic/pgf/systemlayer/pgfsysprotocol.code.tex... 0.00 sec) 0.86 sec)
(Processing definitions /usr/local/texlive/2024/texmf-dist/tex/generic/pgf/basiclayer/pgfcore.code.tex...
(Loading /opt/homebrew/Cellar/latexml/0.8.8/libexec/lib/perl5/LaTeXML/Package/pgfmath.code.tex.ltxml...
(Processing definitions /usr/local/texlive/2024/texmf-dist/tex/generic/pgf/math/pgfmath.code.tex...
(Processing definitions /usr/local/texlive/2024/texmf-dist/tex/generic/pgf/math/pgfmathutil.code.tex... 0.03 sec)
(Processing definitions /usr/local/texlive/2024/texmf-dist/tex/generic/pgf/math/pgfmathparser.code.tex... 0.11 sec)
(Processing definitions /usr/local/texlive/2024/texmf-dist/tex/generic/pgf/math/pgfmathfunctions.code.tex... 0.06 sec)
(Processing definitions /usr/local/texlive/2024/texmf-dist/tex/generic/pgf/math/pgfmathfunctions.basic.code.tex... 0.12 sec)
(Processing definitions /usr/local/texlive/2024/texmf-dist/tex/generic/pgf/math/pgfmathfunctions.trigonometric.code.tex... 0.46 sec)
(Processing definitions /usr/local/texlive/2024/texmf-dist/tex/generic/pgf/math/pgfmathfunctions.random.code.tex... 0.02 sec)
(Processing definitions /usr/local/texlive/2024/texmf-dist/tex/generic/pgf/math/pgfmathfunctions.comparison.code.tex... 0.08 sec)
(Processing definitions /usr/local/texlive/2024/texmf-dist/tex/generic/pgf/math/pgfmathfunctions.base.code.tex... 0.04 sec)
(Processing definitions /usr/local/texlive/2024/texmf-dist/tex/generic/pgf/math/pgfmathfunctions.round.code.tex... 0.02 sec)
(Processing definitions /usr/local/texlive/2024/texmf-dist/tex/generic/pgf/math/pgfmathfunctions.misc.code.tex... 0.06 sec)
(Processing definitions /usr/local/texlive/2024/texmf-dist/tex/generic/pgf/math/pgfmathfunctions.integerarithmetics.code.tex... 0.02 sec)
(Loading /opt/homebrew/Cellar/latexml/0.8.8/libexec/lib/perl5/LaTeXML/Package/pgfmathcalc.code.tex.ltxml...
(Processing definitions /usr/local/texlive/2024/texmf-dist/tex/generic/pgf/math/pgfmathcalc.code.tex... 0.02 sec) 0.02 sec)
(Processing definitions /usr/local/texlive/2024/texmf-dist/tex/generic/pgf/math/pgfmathfloat.code.tex... 0.70 sec) 1.76 sec) 1.76 sec)
(Processing definitions /usr/local/texlive/2024/texmf-dist/tex/generic/pgf/math/pgfint.code.tex... 0.00 sec)
(Processing definitions /usr/local/texlive/2024/texmf-dist/tex/generic/pgf/basiclayer/pgfcorepoints.code.tex... 0.06 sec)
(Processing definitions /usr/local/texlive/2024/texmf-dist/tex/generic/pgf/basiclayer/pgfcorepathconstruct.code.tex... 0.07 sec)
(Processing definitions /usr/local/texlive/2024/texmf-dist/tex/generic/pgf/basiclayer/pgfcorepathusage.code.tex... 0.17 sec)
(Processing definitions /usr/local/texlive/2024/texmf-dist/tex/generic/pgf/basiclayer/pgfcorescopes.code.tex... 0.12 sec)
(Processing definitions /usr/local/texlive/2024/texmf-dist/tex/generic/pgf/basiclayer/pgfcoregraphicstate.code.tex... 0.01 sec)
(Processing definitions /usr/local/texlive/2024/texmf-dist/tex/generic/pgf/basiclayer/pgfcoretransformations.code.tex... 0.03 sec)
(Processing definitions /usr/local/texlive/2024/texmf-dist/tex/generic/pgf/basiclayer/pgfcorequick.code.tex... 0.00 sec)
(Processing definitions /usr/local/texlive/2024/texmf-dist/tex/generic/pgf/basiclayer/pgfcoreobjects.code.tex... 0.00 sec)
(Processing definitions /usr/local/texlive/2024/texmf-dist/tex/generic/pgf/basiclayer/pgfcorepathprocessing.code.tex... 0.02 sec)
(Processing definitions /usr/local/texlive/2024/texmf-dist/tex/generic/pgf/basiclayer/pgfcorearrows.code.tex... 0.78 sec)
(Processing definitions /usr/local/texlive/2024/texmf-dist/tex/generic/pgf/basiclayer/pgfcoreshade.code.tex... 0.05 sec)
(Processing definitions /usr/local/texlive/2024/texmf-dist/tex/generic/pgf/basiclayer/pgfcoreimage.code.tex... 0.08 sec)
(Processing definitions /usr/local/texlive/2024/texmf-dist/tex/generic/pgf/basiclayer/pgfcoreexternal.code.tex... 0.06 sec)
(Processing definitions /usr/local/texlive/2024/texmf-dist/tex/generic/pgf/basiclayer/pgfcorelayers.code.tex... 0.01 sec)
(Processing definitions /usr/local/texlive/2024/texmf-dist/tex/generic/pgf/basiclayer/pgfcoretransparency.code.tex... 0.04 sec)
(Processing definitions /usr/local/texlive/2024/texmf-dist/tex/generic/pgf/basiclayer/pgfcorepatterns.code.tex... 0.01 sec)
(Processing definitions /usr/local/texlive/2024/texmf-dist/tex/generic/pgf/basiclayer/pgfcorerdf.code.tex... 0.01 sec) 3.31 sec) 4.19 sec)
(Processing definitions /usr/local/texlive/2024/texmf-dist/tex/generic/pgf/modules/pgfmoduleshapes.code.tex... 0.16 sec)
(Processing definitions /usr/local/texlive/2024/texmf-dist/tex/generic/pgf/modules/pgfmoduleplot.code.tex... 0.15 sec)
(Processing definitions /usr/local/texlive/2024/texmf-dist/tex/latex/pgf/compatibility/pgfcomp-version-0-65.sty... 0.13 sec)
(Processing definitions /usr/local/texlive/2024/texmf-dist/tex/latex/pgf/compatibility/pgfcomp-version-1-18.sty... 0.01 sec) 4.95 sec) 4.95 sec)
(Processing definitions /usr/local/texlive/2024/texmf-dist/tex/latex/pgf/utilities/pgffor.sty...
(Processing definitions /usr/local/texlive/2024/texmf-dist/tex/latex/pgf/utilities/pgfkeys.sty... 0.00 sec)
(Processing definitions /usr/local/texlive/2024/texmf-dist/tex/latex/pgf/math/pgfmath.sty... 0.01 sec)
(Processing definitions /usr/local/texlive/2024/texmf-dist/tex/generic/pgf/utilities/pgffor.code.tex... 0.11 sec) 0.13 sec)
(Processing definitions /usr/local/texlive/2024/texmf-dist/tex/generic/pgf/frontendlayer/tikz/tikz.code.tex...
(Processing definitions /usr/local/texlive/2024/texmf-dist/tex/generic/pgf/libraries/pgflibraryplothandlers.code.tex... 0.07 sec)
(Processing definitions /usr/local/texlive/2024/texmf-dist/tex/generic/pgf/modules/pgfmodulematrix.code.tex... 0.03 sec)
(Processing definitions /usr/local/texlive/2024/texmf-dist/tex/generic/pgf/frontendlayer/tikz/libraries/tikzlibrarytopaths.code.tex... 0.10 sec) 1.87 sec) 6.96 sec) 6.96 sec)
TIKZ LIBRARY shapes
(Processing definitions /usr/local/texlive/2024/texmf-dist/tex/generic/pgf/frontendlayer/tikz/libraries/tikzlibraryshapes.code.tex...
TIKZ LIBRARY shapes.geometric
(Processing definitions /usr/local/texlive/2024/texmf-dist/tex/generic/pgf/frontendlayer/tikz/libraries/tikzlibraryshapes.geometric.code.tex...
(Processing definitions /usr/local/texlive/2024/texmf-dist/tex/generic/pgf/libraries/shapes/pgflibraryshapes.geometric.code.tex... 0.48 sec) 0.48 sec)
TIKZ LIBRARY shapes.misc
(Processing definitions /usr/local/texlive/2024/texmf-dist/tex/generic/pgf/frontendlayer/tikz/libraries/tikzlibraryshapes.misc.code.tex...
(Processing definitions /usr/local/texlive/2024/texmf-dist/tex/generic/pgf/libraries/shapes/pgflibraryshapes.misc.code.tex... 0.16 sec) 0.17 sec)
TIKZ LIBRARY shapes.symbols
(Processing definitions /usr/local/texlive/2024/texmf-dist/tex/generic/pgf/frontendlayer/tikz/libraries/tikzlibraryshapes.symbols.code.tex...
(Processing definitions /usr/local/texlive/2024/texmf-dist/tex/generic/pgf/libraries/shapes/pgflibraryshapes.symbols.code.tex...
Info:misdefined:utf-8 input isn't valid under encoding utf-8
	at pgflibraryshapes.symbols.code.tex; line 984 col 0 - line 984 col 0
Info:misdefined:utf-8 input isn't valid under encoding utf-8
	at pgflibraryshapes.symbols.code.tex; line 1186 col 0 - line 1186 col 0
Info:misdefined:utf-8 input isn't valid under encoding utf-8
	at pgflibraryshapes.symbols.code.tex; line 1224 col 0 - line 1224 col 0
Info:misdefined:utf-8 input isn't valid under encoding utf-8
	at pgflibraryshapes.symbols.code.tex; line 1267 col 0 - line 1267 col 0
 0.32 sec) 0.34 sec)
TIKZ LIBRARY shapes.arrows
(Processing definitions /usr/local/texlive/2024/texmf-dist/tex/generic/pgf/frontendlayer/tikz/libraries/tikzlibraryshapes.arrows.code.tex...
(Processing definitions /usr/local/texlive/2024/texmf-dist/tex/generic/pgf/libraries/shapes/pgflibraryshapes.arrows.code.tex... 0.23 sec) 0.24 sec)
TIKZ LIBRARY shapes.callouts
(Processing definitions /usr/local/texlive/2024/texmf-dist/tex/generic/pgf/frontendlayer/tikz/libraries/tikzlibraryshapes.callouts.code.tex...
(Processing definitions /usr/local/texlive/2024/texmf-dist/tex/generic/pgf/libraries/shapes/pgflibraryshapes.callouts.code.tex... 0.11 sec) 0.13 sec)
TIKZ LIBRARY shapes.multipart
(Processing definitions /usr/local/texlive/2024/texmf-dist/tex/generic/pgf/frontendlayer/tikz/libraries/tikzlibraryshapes.multipart.code.tex...
(Processing definitions /usr/local/texlive/2024/texmf-dist/tex/generic/pgf/libraries/shapes/pgflibraryshapes.multipart.code.tex... 0.33 sec) 0.36 sec) 1.74 sec)
TIKZ LIBRARY arrows
(Processing definitions /usr/local/texlive/2024/texmf-dist/tex/generic/pgf/frontendlayer/tikz/libraries/tikzlibraryarrows.code.tex...
(Processing definitions /usr/local/texlive/2024/texmf-dist/tex/generic/pgf/libraries/pgflibraryarrows.code.tex... 1.50 sec) 1.51 sec) 10.28 sec)
(Processing definitions /Users/mery/lectures/mosos/lectures-telecom/lectures-telecom2024/web/eventblst.sty...
(Processing definitions /Users/mery/lectures/mosos/lectures-telecom/lectures-telecom2024/web/bsymb.sty... 0.01 sec) 0.02 sec)
(Processing definitions /Users/mery/lectures/mosos/lectures-telecom/lectures-telecom2024/web/dafny.sty... 0.01 sec)
(Processing definitions /usr/local/texlive/2024/texmf-dist/tex/latex/outlines/outlines.sty... 0.01 sec)
(Loading /opt/homebrew/Cellar/latexml/0.8.8/libexec/lib/perl5/LaTeXML/Package/ulem.sty.ltxml... 0.00 sec)
latexmlc (LaTeXML version 0.8.8)
invoked as [/opt/homebrew/Cellar/latexml/0.8.8/libexec/bin/latexmlc web.tex --dest=web.html]
recursive processing started Wed Sep 18 17:18:34 2024
(Digesting BibTeX references...
(Processing content /Users/mery/lectures/mosos/lectures-telecom/lectures-telecom2024/web/references.bib... 0.00 sec)
(Preparsing Bibliography references... 0.00 sec)
(Processing content Literal String... 0.11 sec) 0.12 sec)
(Building...
(Loading compiled schema /opt/homebrew/Cellar/latexml/0.8.8/libexec/lib/perl5/LaTeXML/resources/RelaxNG/LaTeXML.model... 0.00 sec) 0.07 sec)
(Rewriting... 0.00 sec)
(Finalizing... 0.00 sec)
recursive Conversion complete: No obvious problems
Status:conversion:0
 13.41 sec)
MakeBibliography: using bibliographies references]
MakeBibliography: 9 bibentries, 2 cited
Scan: DBStatus: 41/0 objects
 13.42 sec)
(CrossRef web.html processing... 0.00 sec)
(XSLT[using LaTeXML-html5.xsl] web.html processing... 0.00 sec)
(Writer web.html processing... 0.00 sec) 13.43 sec)
Post-processing complete: No obvious problems
processing finished Wed Sep 18 17:18:34 2024
Status:conversion:2
