This is pdfTeX, Version 3.141592653-2.6-1.40.27 (TeX Live 2025) (preloaded format=latex 2026.1.17)  17 FEB 2026 18:40
entering extended mode
 restricted \write18 enabled.
 %&-line parsing enabled.
**\makeatletter\def\HCode{\futurelet\HCode\HChar}\def\HChar{\ifx"\HCode\def\HCo
de"##1"{\Link##1}\expandafter\HCode\else\expandafter\Link\fi}\def\Link#1.a.b.c.
{\let\HCode\documentstyle\def\documentstyle{\let\documentstyle\HCode\expandafte
r\def\csname tex4ht\endcsname{#1,html}\def\HCode####1{\documentstyle[tex4ht,}\@
ifnextchar[{\HCode}{\documentstyle[tex4ht]}}\RequirePackage[#1,html]{tex4ht}}\m
akeatother\HCode xhtml,3,sec-filename,fn-in,charset=utf-8,html5.a.b.c.\input "\
detokenize{web.tex}"
(/usr/local/texlive/2025/texmf-dist/tex/generic/tex4ht/tex4ht.sty
version 2025-02-27-12:30
Package: tex4ht 
--------------------------------------
--- Note --- for _ at preamble, use the command line option `early_'
--------------------------------------
--------------------------------------
--- Note --- for ^ at preamble, use the command line option `early^'
--------------------------------------
\tmp:toks=\toks17
) (./web.tex (/usr/local/texlive/2025/texmf-dist/tex/generic/tex4ht/usepackage.
4ht
version 2024-12-06-14:38
) (/usr/local/texlive/2025/texmf-dist/tex/latex/base/article.cls
Document Class: article 2024/06/29 v1.4n Standard LaTeX document class
(/usr/local/texlive/2025/texmf-dist/tex/latex/base/size12.clo
File: size12.clo 2024/06/29 v1.4n Standard LaTeX file (size option)
)
\c@part=\count196
\c@section=\count197
\c@subsection=\count198
\c@subsubsection=\count199
\c@paragraph=\count266
\c@subparagraph=\count267
\c@figure=\count268
\c@table=\count269
\abovecaptionskip=\skip49
\belowcaptionskip=\skip50
\bibindent=\dimen141
) (/usr/local/texlive/2025/texmf-dist/tex/latex/tcolorbox/tcolorbox.sty
Package: tcolorbox 2024/10/22 version 6.4.1 text color boxes
(/usr/local/texlive/2025/texmf-dist/tex/generic/tex4ht/tikz-hooks.4ht
version 2024-01-15-14:00
*****************************
TeX4ht info: Using dvisvgm4ht TikZ driver. Put \def \pgfsysdriver {driver-name}
 to your document before use of TikZ if you want to another driver. Use tikz+ o
ption if your TikZ pictures use patterns.
) (/usr/local/texlive/2025/texmf-dist/tex/latex/pgf/frontendlayer/tikz.sty (/us
r/local/texlive/2025/texmf-dist/tex/generic/tex4ht/pgf-hooks.4ht
version 2024-01-15-14:00
) (/usr/local/texlive/2025/texmf-dist/tex/latex/pgf/basiclayer/pgf.sty (/usr/lo
cal/texlive/2025/texmf-dist/tex/latex/pgf/utilities/pgfrcs.sty
(/usr/local/texlive/2025/texmf-dist/tex/generic/pgf/utilities/pgfutil-common.te
x
\pgfutil@everybye=\toks18
\pgfutil@tempdima=\dimen142
\pgfutil@tempdimb=\dimen143
)
(/usr/local/texlive/2025/texmf-dist/tex/generic/pgf/utilities/pgfutil-latex.def
\pgfutil@abb=\box52
) (/usr/local/texlive/2025/texmf-dist/tex/generic/pgf/utilities/pgfrcs.code.tex
(/usr/local/texlive/2025/texmf-dist/tex/generic/pgf/pgf.revision.tex)
Package: pgfrcs 2023-01-15 v3.1.10 (3.1.10)
))
Package: pgf 2023-01-15 v3.1.10 (3.1.10)
(/usr/local/texlive/2025/texmf-dist/tex/latex/pgf/basiclayer/pgfcore.sty (/usr/
local/texlive/2025/texmf-dist/tex/latex/graphics/graphicx.sty
Package: graphicx 2021/09/16 v1.2d Enhanced LaTeX Graphics (DPC,SPQR)
(/usr/local/texlive/2025/texmf-dist/tex/latex/graphics/keyval.sty
Package: keyval 2022/05/29 v1.15 key=value parser (DPC)
\KV@toks@=\toks19
) (/usr/local/texlive/2025/texmf-dist/tex/generic/tex4ht/graphics-hooks.4ht
version 2022-08-17-14:25
) (/usr/local/texlive/2025/texmf-dist/tex/latex/graphics/graphics.sty
Package: graphics 2024/08/06 v1.4g Standard LaTeX Graphics (DPC,SPQR)
(/usr/local/texlive/2025/texmf-dist/tex/latex/graphics/trig.sty
Package: trig 2023/12/02 v1.11 sin cos tan (DPC)
) (/usr/local/texlive/2025/texmf-dist/tex/latex/graphics-cfg/graphics.cfg
File: graphics.cfg 2016/06/04 v1.11 sample graphics configuration
)
Package graphics Info: Driver file: dvips.def on input line 106.
(/usr/local/texlive/2025/texmf-dist/tex/latex/graphics-def/dvips.def
File: dvips.def 2022/09/22 v3.1e Graphics/color driver for dvips
))
\Gin@req@height=\dimen144
\Gin@req@width=\dimen145
) (/usr/local/texlive/2025/texmf-dist/tex/latex/pgf/systemlayer/pgfsys.sty
(/usr/local/texlive/2025/texmf-dist/tex/generic/pgf/systemlayer/pgfsys.code.tex
Package: pgfsys 2023-01-15 v3.1.10 (3.1.10)
(/usr/local/texlive/2025/texmf-dist/tex/generic/pgf/utilities/pgfkeys.code.tex
\pgfkeys@pathtoks=\toks20
\pgfkeys@temptoks=\toks21

(/usr/local/texlive/2025/texmf-dist/tex/generic/pgf/utilities/pgfkeyslibraryfil
tered.code.tex
\pgfkeys@tmptoks=\toks22
))
\pgf@x=\dimen146
\pgf@y=\dimen147
\pgf@xa=\dimen148
\pgf@ya=\dimen149
\pgf@xb=\dimen150
\pgf@yb=\dimen151
\pgf@xc=\dimen152
\pgf@yc=\dimen153
\pgf@xd=\dimen154
\pgf@yd=\dimen155
\w@pgf@writea=\write3
\r@pgf@reada=\read2
\c@pgf@counta=\count270
\c@pgf@countb=\count271
\c@pgf@countc=\count272
\c@pgf@countd=\count273
\t@pgf@toka=\toks23
\t@pgf@tokb=\toks24
\t@pgf@tokc=\toks25
\pgf@sys@id@count=\count274
(/usr/local/texlive/2025/texmf-dist/tex/generic/pgf/systemlayer/pgf.cfg
File: pgf.cfg 2023-01-15 v3.1.10 (3.1.10)
)
Driver file for pgf: pgfsys-dvisvgm4ht.def

(/usr/local/texlive/2025/texmf-dist/tex/generic/pgf/systemlayer/pgfsys-dvisvgm4
ht.def
File: pgfsys-dvisvgm4ht.def 2023-01-15 v3.1.10 (3.1.10)

(/usr/local/texlive/2025/texmf-dist/tex/generic/pgf/systemlayer/pgfsys-dvips.de
f
File: pgfsys-dvips.def 2023-01-15 v3.1.10 (3.1.10)

(/usr/local/texlive/2025/texmf-dist/tex/generic/pgf/systemlayer/pgfsys-common-p
ostscript.def
File: pgfsys-common-postscript.def 2023-01-15 v3.1.10 (3.1.10)
\pgf@objectcount=\count275
))))
(/usr/local/texlive/2025/texmf-dist/tex/generic/pgf/systemlayer/pgfsyssoftpath.
code.tex
File: pgfsyssoftpath.code.tex 2023-01-15 v3.1.10 (3.1.10)
\pgfsyssoftpath@smallbuffer@items=\count276
\pgfsyssoftpath@bigbuffer@items=\count277
)
(/usr/local/texlive/2025/texmf-dist/tex/generic/pgf/systemlayer/pgfsysprotocol.
code.tex
File: pgfsysprotocol.code.tex 2023-01-15 v3.1.10 (3.1.10)
)) (/usr/local/texlive/2025/texmf-dist/tex/generic/tex4ht/xcolor-hooks.4ht
version 2020-10-17-13:53
) (/usr/local/texlive/2025/texmf-dist/tex/latex/xcolor/xcolor.sty
Package: xcolor 2024/09/29 v3.02 LaTeX color extensions (UK)
(/usr/local/texlive/2025/texmf-dist/tex/latex/graphics-cfg/color.cfg
File: color.cfg 2016/01/02 v1.6 sample color configuration
)
Package xcolor Info: Driver file: dvips.def on input line 274.
(/usr/local/texlive/2025/texmf-dist/tex/latex/graphics/mathcolor.ltx)
Package xcolor Info: Model `cmy' substituted by `cmy0' on input line 1349.
Package xcolor Info: Model `RGB' extended on input line 1365.
Package xcolor Info: Model `HTML' substituted by `rgb' on input line 1367.
Package xcolor Info: Model `Hsb' substituted by `hsb' on input line 1368.
Package xcolor Info: Model `tHsb' substituted by `hsb' on input line 1369.
Package xcolor Info: Model `HSB' substituted by `hsb' on input line 1370.
Package xcolor Info: Model `Gray' substituted by `gray' on input line 1371.
Package xcolor Info: Model `wave' substituted by `hsb' on input line 1372.
)
(/usr/local/texlive/2025/texmf-dist/tex/generic/pgf/basiclayer/pgfcore.code.tex
Package: pgfcore 2023-01-15 v3.1.10 (3.1.10)
(/usr/local/texlive/2025/texmf-dist/tex/generic/pgf/math/pgfmath.code.tex (/usr
/local/texlive/2025/texmf-dist/tex/generic/pgf/math/pgfmathutil.code.tex)
(/usr/local/texlive/2025/texmf-dist/tex/generic/pgf/math/pgfmathparser.code.tex
\pgfmath@dimen=\dimen156
\pgfmath@count=\count278
\pgfmath@box=\box53
\pgfmath@toks=\toks26
\pgfmath@stack@operand=\toks27
\pgfmath@stack@operation=\toks28
)
(/usr/local/texlive/2025/texmf-dist/tex/generic/pgf/math/pgfmathfunctions.code.
tex)
(/usr/local/texlive/2025/texmf-dist/tex/generic/pgf/math/pgfmathfunctions.basic
.code.tex)
(/usr/local/texlive/2025/texmf-dist/tex/generic/pgf/math/pgfmathfunctions.trigo
nometric.code.tex)
(/usr/local/texlive/2025/texmf-dist/tex/generic/pgf/math/pgfmathfunctions.rando
m.code.tex)
(/usr/local/texlive/2025/texmf-dist/tex/generic/pgf/math/pgfmathfunctions.compa
rison.code.tex)
(/usr/local/texlive/2025/texmf-dist/tex/generic/pgf/math/pgfmathfunctions.base.
code.tex)
(/usr/local/texlive/2025/texmf-dist/tex/generic/pgf/math/pgfmathfunctions.round
.code.tex)
(/usr/local/texlive/2025/texmf-dist/tex/generic/pgf/math/pgfmathfunctions.misc.
code.tex)
(/usr/local/texlive/2025/texmf-dist/tex/generic/pgf/math/pgfmathfunctions.integ
erarithmetics.code.tex) (/usr/local/texlive/2025/texmf-dist/tex/generic/pgf/mat
h/pgfmathcalc.code.tex) (/usr/local/texlive/2025/texmf-dist/tex/generic/pgf/mat
h/pgfmathfloat.code.tex
\c@pgfmathroundto@lastzeros=\count279
)) (/usr/local/texlive/2025/texmf-dist/tex/generic/pgf/math/pgfint.code.tex)
(/usr/local/texlive/2025/texmf-dist/tex/generic/pgf/basiclayer/pgfcorepoints.co
de.tex
File: pgfcorepoints.code.tex 2023-01-15 v3.1.10 (3.1.10)
\pgf@picminx=\dimen157
\pgf@picmaxx=\dimen158
\pgf@picminy=\dimen159
\pgf@picmaxy=\dimen160
\pgf@pathminx=\dimen161
\pgf@pathmaxx=\dimen162
\pgf@pathminy=\dimen163
\pgf@pathmaxy=\dimen164
\pgf@xx=\dimen165
\pgf@xy=\dimen166
\pgf@yx=\dimen167
\pgf@yy=\dimen168
\pgf@zx=\dimen169
\pgf@zy=\dimen170
)
(/usr/local/texlive/2025/texmf-dist/tex/generic/pgf/basiclayer/pgfcorepathconst
ruct.code.tex
File: pgfcorepathconstruct.code.tex 2023-01-15 v3.1.10 (3.1.10)
\pgf@path@lastx=\dimen171
\pgf@path@lasty=\dimen172
)
(/usr/local/texlive/2025/texmf-dist/tex/generic/pgf/basiclayer/pgfcorepathusage
.code.tex
File: pgfcorepathusage.code.tex 2023-01-15 v3.1.10 (3.1.10)
\pgf@shorten@end@additional=\dimen173
\pgf@shorten@start@additional=\dimen174
)
(/usr/local/texlive/2025/texmf-dist/tex/generic/pgf/basiclayer/pgfcorescopes.co
de.tex
File: pgfcorescopes.code.tex 2023-01-15 v3.1.10 (3.1.10)
\pgfpic=\box54
\pgf@hbox=\box55
\pgf@layerbox@main=\box56
\pgf@picture@serial@count=\count280
)
(/usr/local/texlive/2025/texmf-dist/tex/generic/pgf/basiclayer/pgfcoregraphicst
ate.code.tex
File: pgfcoregraphicstate.code.tex 2023-01-15 v3.1.10 (3.1.10)
\pgflinewidth=\dimen175
)
(/usr/local/texlive/2025/texmf-dist/tex/generic/pgf/basiclayer/pgfcoretransform
ations.code.tex
File: pgfcoretransformations.code.tex 2023-01-15 v3.1.10 (3.1.10)
\pgf@pt@x=\dimen176
\pgf@pt@y=\dimen177
\pgf@pt@temp=\dimen178
)
(/usr/local/texlive/2025/texmf-dist/tex/generic/pgf/basiclayer/pgfcorequick.cod
e.tex
File: pgfcorequick.code.tex 2023-01-15 v3.1.10 (3.1.10)
)
(/usr/local/texlive/2025/texmf-dist/tex/generic/pgf/basiclayer/pgfcoreobjects.c
ode.tex
File: pgfcoreobjects.code.tex 2023-01-15 v3.1.10 (3.1.10)
)
(/usr/local/texlive/2025/texmf-dist/tex/generic/pgf/basiclayer/pgfcorepathproce
ssing.code.tex
File: pgfcorepathprocessing.code.tex 2023-01-15 v3.1.10 (3.1.10)
)
(/usr/local/texlive/2025/texmf-dist/tex/generic/pgf/basiclayer/pgfcorearrows.co
de.tex
File: pgfcorearrows.code.tex 2023-01-15 v3.1.10 (3.1.10)
\pgfarrowsep=\dimen179
)
(/usr/local/texlive/2025/texmf-dist/tex/generic/pgf/basiclayer/pgfcoreshade.cod
e.tex
File: pgfcoreshade.code.tex 2023-01-15 v3.1.10 (3.1.10)
\pgf@max=\dimen180
\pgf@sys@shading@range@num=\count281
\pgf@shadingcount=\count282
)
(/usr/local/texlive/2025/texmf-dist/tex/generic/pgf/basiclayer/pgfcoreimage.cod
e.tex
File: pgfcoreimage.code.tex 2023-01-15 v3.1.10 (3.1.10)
)
(/usr/local/texlive/2025/texmf-dist/tex/generic/pgf/basiclayer/pgfcoreexternal.
code.tex
File: pgfcoreexternal.code.tex 2023-01-15 v3.1.10 (3.1.10)
\pgfexternal@startupbox=\box57
)
(/usr/local/texlive/2025/texmf-dist/tex/generic/pgf/basiclayer/pgfcorelayers.co
de.tex
File: pgfcorelayers.code.tex 2023-01-15 v3.1.10 (3.1.10)
)
(/usr/local/texlive/2025/texmf-dist/tex/generic/pgf/basiclayer/pgfcoretranspare
ncy.code.tex
File: pgfcoretransparency.code.tex 2023-01-15 v3.1.10 (3.1.10)
)
(/usr/local/texlive/2025/texmf-dist/tex/generic/pgf/basiclayer/pgfcorepatterns.
code.tex
File: pgfcorepatterns.code.tex 2023-01-15 v3.1.10 (3.1.10)
)
(/usr/local/texlive/2025/texmf-dist/tex/generic/pgf/basiclayer/pgfcorerdf.code.
tex
File: pgfcorerdf.code.tex 2023-01-15 v3.1.10 (3.1.10)
)))
(/usr/local/texlive/2025/texmf-dist/tex/generic/pgf/modules/pgfmoduleshapes.cod
e.tex
File: pgfmoduleshapes.code.tex 2023-01-15 v3.1.10 (3.1.10)
\pgfnodeparttextbox=\box58
)
(/usr/local/texlive/2025/texmf-dist/tex/generic/pgf/modules/pgfmoduleplot.code.
tex
File: pgfmoduleplot.code.tex 2023-01-15 v3.1.10 (3.1.10)
)
(/usr/local/texlive/2025/texmf-dist/tex/latex/pgf/compatibility/pgfcomp-version
-0-65.sty
Package: pgfcomp-version-0-65 2023-01-15 v3.1.10 (3.1.10)
\pgf@nodesepstart=\dimen181
\pgf@nodesepend=\dimen182
)
(/usr/local/texlive/2025/texmf-dist/tex/latex/pgf/compatibility/pgfcomp-version
-1-18.sty
Package: pgfcomp-version-1-18 2023-01-15 v3.1.10 (3.1.10)
)) (/usr/local/texlive/2025/texmf-dist/tex/latex/pgf/utilities/pgffor.sty (/usr
/local/texlive/2025/texmf-dist/tex/latex/pgf/utilities/pgfkeys.sty (/usr/local/
texlive/2025/texmf-dist/tex/generic/pgf/utilities/pgfkeys.code.tex)) (/usr/loca
l/texlive/2025/texmf-dist/tex/latex/pgf/math/pgfmath.sty (/usr/local/texlive/20
25/texmf-dist/tex/generic/pgf/math/pgfmath.code.tex)) (/usr/local/texlive/2025/
texmf-dist/tex/generic/pgf/utilities/pgffor.code.tex
Package: pgffor 2023-01-15 v3.1.10 (3.1.10)
\pgffor@iter=\dimen183
\pgffor@skip=\dimen184
\pgffor@stack=\toks29
\pgffor@toks=\toks30
))
(/usr/local/texlive/2025/texmf-dist/tex/generic/pgf/frontendlayer/tikz/tikz.cod
e.tex
Package: tikz 2023-01-15 v3.1.10 (3.1.10)

(/usr/local/texlive/2025/texmf-dist/tex/generic/pgf/libraries/pgflibraryplothan
dlers.code.tex
File: pgflibraryplothandlers.code.tex 2023-01-15 v3.1.10 (3.1.10)
\pgf@plot@mark@count=\count283
\pgfplotmarksize=\dimen185
)
\tikz@lastx=\dimen186
\tikz@lasty=\dimen187
\tikz@lastxsaved=\dimen188
\tikz@lastysaved=\dimen189
\tikz@lastmovetox=\dimen190
\tikz@lastmovetoy=\dimen191
\tikzleveldistance=\dimen192
\tikzsiblingdistance=\dimen193
\tikz@figbox=\box59
\tikz@figbox@bg=\box60
\tikz@tempbox=\box61
\tikz@tempbox@bg=\box62
\tikztreelevel=\count284
\tikznumberofchildren=\count285
\tikznumberofcurrentchild=\count286
\tikz@fig@count=\count287

(/usr/local/texlive/2025/texmf-dist/tex/generic/pgf/modules/pgfmodulematrix.cod
e.tex
File: pgfmodulematrix.code.tex 2023-01-15 v3.1.10 (3.1.10)
\pgfmatrixcurrentrow=\count288
\pgfmatrixcurrentcolumn=\count289
\pgf@matrix@numberofcolumns=\count290
)
\tikz@expandcount=\count291

(/usr/local/texlive/2025/texmf-dist/tex/generic/pgf/frontendlayer/tikz/librarie
s/tikzlibrarytopaths.code.tex
File: tikzlibrarytopaths.code.tex 2023-01-15 v3.1.10 (3.1.10)
))) (/usr/local/texlive/2025/texmf-dist/tex/latex/tools/verbatim.sty
Package: verbatim 2024-01-22 v1.5x LaTeX2e package for verbatim enhancements
\every@verbatim=\toks31
\verbatim@line=\toks32
\verbatim@in@stream=\read3
) (/usr/local/texlive/2025/texmf-dist/tex/latex/environ/environ.sty
Package: environ 2014/05/04 v0.3 A new way to define environments
(/usr/local/texlive/2025/texmf-dist/tex/latex/trimspaces/trimspaces.sty
Package: trimspaces 2009/09/17 v1.1 Trim spaces around a token list
)
\@envbody=\toks33
) (/usr/local/texlive/2025/texmf-dist/tex/latex/etoolbox/etoolbox.sty
Package: etoolbox 2025/02/11 v2.5l e-TeX tools for LaTeX (JAW)
\etb@tempcnta=\count292
)
\tcb@titlebox=\box63
\tcb@upperbox=\box64
\tcb@lowerbox=\box65
\tcb@phantombox=\box66
\c@tcbbreakpart=\count293
\c@tcblayer=\count294
\c@tcolorbox@number=\count295
\l__tcobox_tmpa_box=\box67
\l__tcobox_tmpa_dim=\dimen194
\tcb@temp=\box68
\tcb@temp=\box69
\tcb@temp=\box70
\tcb@temp=\box71
(/usr/local/texlive/2025/texmf-dist/tex/latex/tcolorbox/tcbraster.code.tex
Library (tcolorbox): 'tcbraster.code.tex' version '6.4.1'
\c@tcbrastercolumn=\count296
\c@tcbrasterrow=\count297
\c@tcbrasternum=\count298
\c@tcbraster=\count299
) (/usr/local/texlive/2025/texmf-dist/tex/latex/tcolorbox/tcbskins.code.tex
Library (tcolorbox): 'tcbskins.code.tex' version '6.4.1'
(/usr/local/texlive/2025/texmf-dist/tex/latex/tikzfill/tikzfill.image.sty
Package: tikzfill.image 2023/08/08 v1.0.1 Image filling library for TikZ
(/usr/local/texlive/2025/texmf-dist/tex/latex/tikzfill/tikzfill-common.sty
Package: tikzfill-common 2023/08/08 v1.0.1 Auxiliary code for tikzfill
(/usr/local/texlive/2025/texmf-dist/tex/generic/tex4ht/tikz-hooks.4ht
version 2024-01-15-14:00
))
(/usr/local/texlive/2025/texmf-dist/tex/latex/tikzfill/tikzlibraryfill.image.co
de.tex
File: tikzlibraryfill.image.code.tex 2023/08/08 v1.0.1 Image filling library
\l__tikzfill_img_box=\box72
))
(/usr/local/texlive/2025/texmf-dist/tex/latex/tcolorbox/tcbskinsjigsaw.code.tex
Library (tcolorbox): 'tcbskinsjigsaw.code.tex' version '6.4.1'
)) (/usr/local/texlive/2025/texmf-dist/tex/latex/tcolorbox/tcbbreakable.code.te
x
Library (tcolorbox): 'tcbbreakable.code.tex' version '6.4.1'
(/usr/local/texlive/2025/texmf-dist/tex/latex/pdfcol/pdfcol.sty
Package: pdfcol 2022-09-21 v1.7 Handle new color stacks for pdfTeX (HO)
(/usr/local/texlive/2025/texmf-dist/tex/generic/ltxcmds/ltxcmds.sty
Package: ltxcmds 2023-12-04 v1.26 LaTeX kernel commands for general use (HO)
) (/usr/local/texlive/2025/texmf-dist/tex/generic/infwarerr/infwarerr.sty
Package: infwarerr 2019/12/03 v1.5 Providing info/warning/error messages (HO)
) (/usr/local/texlive/2025/texmf-dist/tex/generic/iftex/iftex.sty
Package: iftex 2024/12/12 v1.0g TeX engine tests
)
Package pdfcol Info: Interface disabled because of missing PDF mode of pdfTeX.
)
Package pdfcol Info: pdfTeX's color stacks are not available.
\tcb@testbox=\box73
\tcb@totalupperbox=\box74
\tcb@totallowerbox=\box75
) (/usr/local/texlive/2025/texmf-dist/tex/latex/tcolorbox/tcbhooks.code.tex
Library (tcolorbox): 'tcbhooks.code.tex' version '6.4.1'
) (/usr/local/texlive/2025/texmf-dist/tex/latex/tcolorbox/tcbtheorems.code.tex
Library (tcolorbox): 'tcbtheorems.code.tex' version '6.4.1'
(/usr/local/texlive/2025/texmf-dist/tex/latex/amsmath/amsmath.sty
Package: amsmath 2024/11/05 v2.17t AMS math features
\@mathmargin=\skip51
For additional information on amsmath, use the `?' option.
(/usr/local/texlive/2025/texmf-dist/tex/latex/amsmath/amstext.sty
Package: amstext 2021/08/26 v2.01 AMS text
(/usr/local/texlive/2025/texmf-dist/tex/latex/amsmath/amsgen.sty
File: amsgen.sty 1999/11/30 v2.0 generic functions
\@emptytoks=\toks34
\ex@=\dimen195
)) (/usr/local/texlive/2025/texmf-dist/tex/latex/amsmath/amsbsy.sty
Package: amsbsy 1999/11/29 v1.2d Bold Symbols
\pmbraise@=\dimen196
) (/usr/local/texlive/2025/texmf-dist/tex/latex/amsmath/amsopn.sty
Package: amsopn 2022/04/08 v2.04 operator names
)
\inf@bad=\count300
LaTeX Info: Redefining \frac on input line 233.
\uproot@=\count301
\leftroot@=\count302
LaTeX Info: Redefining \overline on input line 398.
LaTeX Info: Redefining \colon on input line 409.
\classnum@=\count303
\DOTSCASE@=\count304
LaTeX Info: Redefining \ldots on input line 495.
LaTeX Info: Redefining \dots on input line 498.
LaTeX Info: Redefining \cdots on input line 619.
\Mathstrutbox@=\box76
\strutbox@=\box77
LaTeX Info: Redefining \big on input line 721.
LaTeX Info: Redefining \Big on input line 722.
LaTeX Info: Redefining \bigg on input line 723.
LaTeX Info: Redefining \Bigg on input line 724.
\big@size=\dimen197
LaTeX Font Info:    Redeclaring font encoding OML on input line 742.
LaTeX Font Info:    Redeclaring font encoding OMS on input line 743.
\macc@depth=\count305
LaTeX Info: Redefining \bmod on input line 904.
LaTeX Info: Redefining \pmod on input line 909.
LaTeX Info: Redefining \smash on input line 939.
LaTeX Info: Redefining \relbar on input line 969.
LaTeX Info: Redefining \Relbar on input line 970.
\c@MaxMatrixCols=\count306
\dotsspace@=\muskip17
\c@parentequation=\count307
\dspbrk@lvl=\count308
\tag@help=\toks35
\row@=\count309
\column@=\count310
\maxfields@=\count311
\andhelp@=\toks36
\eqnshift@=\dimen198
\alignsep@=\dimen199
\tagshift@=\dimen256
\tagwidth@=\dimen257
\totwidth@=\dimen258
\lineht@=\dimen259
\@envbody=\toks37
\multlinegap=\skip52
\multlinetaggap=\skip53
\mathdisplay@stack=\toks38
LaTeX Info: Redefining \[ on input line 2953.
LaTeX Info: Redefining \] on input line 2954.
)) (/usr/local/texlive/2025/texmf-dist/tex/latex/tcolorbox/tcbfitting.code.tex
Library (tcolorbox): 'tcbfitting.code.tex' version '6.4.1'
\tcbfitdim=\dimen260
\tcb@lowerfitdim=\dimen261
\tcb@upperfitdim=\dimen262
\tcb@cur@hbadness=\count312
)
(/usr/local/texlive/2025/texmf-dist/tex/latex/tcolorbox/tcblistingsutf8.code.te
x
Library (tcolorbox): 'tcblistingsutf8.code.tex' version '6.4.1'
(/usr/local/texlive/2025/texmf-dist/tex/latex/tcolorbox/tcblistings.code.tex
Library (tcolorbox): 'tcblistings.code.tex' version '6.4.1'
(/usr/local/texlive/2025/texmf-dist/tex/latex/listings/listings.sty
\lst@mode=\count313
\lst@gtempboxa=\box78
\lst@token=\toks39
\lst@length=\count314
\lst@currlwidth=\dimen263
\lst@column=\count315
\lst@pos=\count316
\lst@lostspace=\dimen264
\lst@width=\dimen265
\lst@newlines=\count317
\lst@lineno=\count318
\lst@maxwidth=\dimen266
(/usr/local/texlive/2025/texmf-dist/tex/latex/listings/lstpatch.sty
File: lstpatch.sty 2024/09/23 1.10c (Carsten Heinz)
) (/usr/local/texlive/2025/texmf-dist/tex/latex/listings/lstmisc.sty
File: lstmisc.sty 2024/09/23 1.10c (Carsten Heinz)
\c@lstnumber=\count319
\lst@skipnumbers=\count320
\lst@framebox=\box79
) (/usr/local/texlive/2025/texmf-dist/tex/latex/listings/listings.cfg
File: listings.cfg 2024/09/23 1.10c listings configuration
))
Package: listings 2024/09/23 1.10c (Carsten Heinz)

(/usr/local/texlive/2025/texmf-dist/tex/latex/tcolorbox/tcblistingscore.code.te
x
Library (tcolorbox): 'tcblistingscore.code.tex' version '6.4.1'
(/usr/local/texlive/2025/texmf-dist/tex/latex/tcolorbox/tcbprocessing.code.tex
Library (tcolorbox): 'tcbprocessing.code.tex' version '6.4.1'
)
\c@tcblisting=\count321
)) (/usr/local/texlive/2025/texmf-dist/tex/latex/listingsutf8/listingsutf8.sty
Package: listingsutf8 2019-12-10 v1.5 Allow UTF-8 in listings input (HO)
(/usr/local/texlive/2025/texmf-dist/tex/generic/pdftexcmds/pdftexcmds.sty
Package: pdftexcmds 2020-06-27 v0.33 Utility functions of pdfTeX for LuaTeX (HO
)
Package pdftexcmds Info: \pdf@primitive is available.
Package pdftexcmds Info: \pdf@ifprimitive is available.
Package pdftexcmds Info: \pdfdraftmode is ignored in DVI mode.
) (/usr/local/texlive/2025/texmf-dist/tex/generic/stringenc/stringenc.sty
Package: stringenc 2019/11/29 v1.12 Convert strings between diff. encodings (HO
)
(/usr/local/texlive/2025/texmf-dist/tex/generic/pdfescape/pdfescape.sty
Package: pdfescape 2019/12/09 v1.15 Implements pdfTeX's escape features (HO)
)))) (/usr/local/texlive/2025/texmf-dist/tex/latex/tcolorbox/tcbexternal.code.t
ex
Library (tcolorbox): 'tcbexternal.code.tex' version '6.4.1'
) (/usr/local/texlive/2025/texmf-dist/tex/latex/tcolorbox/tcbmagazine.code.tex
Library (tcolorbox): 'tcbmagazine.code.tex' version '6.4.1'
) (/usr/local/texlive/2025/texmf-dist/tex/latex/tcolorbox/tcbvignette.code.tex
Library (tcolorbox): 'tcbvignette.code.tex' version '6.4.1'

(/usr/local/texlive/2025/texmf-dist/tex/generic/pgf/frontendlayer/tikz/librarie
s/tikzlibraryfadings.code.tex
File: tikzlibraryfadings.code.tex 2023-01-15 v3.1.10 (3.1.10)

(/usr/local/texlive/2025/texmf-dist/tex/generic/pgf/libraries/pgflibraryfadings
.code.tex
File: pgflibraryfadings.code.tex 2023-01-15 v3.1.10 (3.1.10)
))) (/usr/local/texlive/2025/texmf-dist/tex/latex/tcolorbox/tcbposter.code.tex
Library (tcolorbox): 'tcbposter.code.tex' version '6.4.1'
)) (/usr/local/texlive/2025/texmf-dist/tex/latex/psnfss/times.sty
Package: times 2020/03/25 PSNFSS-v9.3 (SPQR) 
) (/usr/local/texlive/2025/texmf-dist/tex/latex/vmargin/vmargin.sty
Package: vmargin 2004/07/15 V2.5 set document margins (VK)
Package: vmargin 2004/07/15 V2.5 set document margins (VK)
\PaperWidth=\dimen267
\PaperHeight=\dimen268
) (/usr/local/texlive/2025/texmf-dist/tex/latex/url/url.sty
\Urlmuskip=\muskip18
Package: url 2013/09/16  ver 3.4  Verb mode for urls, etc.
) (./time.sty
\hour=\count322
\minute=\count323
) (/usr/local/texlive/2025/texmf-dist/tex/generic/tex4ht/xcolor-hooks.4ht
version 2020-10-17-13:53
) (/usr/local/texlive/2025/texmf-dist/tex/latex/cite/cite.sty
LaTeX Info: Redefining \cite on input line 302.
LaTeX Info: Redefining \nocite on input line 332.
Package: cite 2015/02/27  v 5.5
) (/usr/local/texlive/2025/texmf-dist/tex/latex/amsfonts/amssymb.sty
Package: amssymb 2013/01/14 v3.01 AMS font symbols
(/usr/local/texlive/2025/texmf-dist/tex/latex/amsfonts/amsfonts.sty
Package: amsfonts 2013/01/14 v3.01 Basic AMSFonts support
\symAMSa=\mathgroup4
\symAMSb=\mathgroup5
LaTeX Font Info:    Redeclaring math symbol \hbar on input line 98.
LaTeX Font Info:    Overwriting math alphabet `\mathfrak' in version `bold'
(Font)                  U/euf/m/n --> U/euf/b/n on input line 106.
)) (/usr/local/texlive/2025/texmf-dist/tex/latex/algorithms/algorithmic.sty
Package: algorithmic 2009/08/24 v0.1 Document Style `algorithmic'
(/usr/local/texlive/2025/texmf-dist/tex/latex/base/ifthen.sty
Package: ifthen 2024/03/16 v1.1e Standard LaTeX ifthen package (DPC)
)
\c@ALC@unique=\count324
\c@ALC@line=\count325
\c@ALC@rem=\count326
\c@ALC@depth=\count327
\ALC@tlm=\skip54
\algorithmicindent=\skip55
) (/usr/local/texlive/2025/texmf-dist/tex/latex/base/textcomp.sty
Package: textcomp 2024/04/24 v2.1b Standard LaTeX package
) (/usr/local/texlive/2025/texmf-dist/tex/generic/tex4ht/xcolor-hooks.4ht
version 2020-10-17-13:53
) (./nbcode.sty) (/usr/local/texlive/2025/texmf-dist/tex/latex/version/version.
sty
Package: version 2009/09/15  v 2.0
Package version Info: Excluding comment environments declared on input line 115
.
) (/usr/local/texlive/2025/texmf-dist/tex/latex/wrapfig/wrapfig.sty
\wrapoverhang=\dimen269
\WF@size=\dimen270
\c@WF@wrappedlines=\count328
\WF@box=\box80
\WF@everypar=\toks40
Package: wrapfig 2003/01/31  v 3.6
) (/usr/local/texlive/2025/texmf-dist/tex/generic/tex4ht/caption-hooks.4ht
version 2022-11-20-07:09
) (/usr/local/texlive/2025/texmf-dist/tex/latex/caption/caption.sty
Package: caption 2023/08/05 v3.6o Customizing captions (AR)
(/usr/local/texlive/2025/texmf-dist/tex/latex/caption/caption3.sty
Package: caption3 2023/07/31 v2.4d caption3 kernel (AR)
\caption@tempdima=\dimen271
\captionmargin=\dimen272
\caption@leftmargin=\dimen273
\caption@rightmargin=\dimen274
\caption@width=\dimen275
\caption@indent=\dimen276
\caption@parindent=\dimen277
\caption@hangindent=\dimen278
Package caption Info: Standard document class detected.
)
\c@caption@flags=\count329
\c@continuedfloat=\count330
Package caption Info: listings package is loaded.
Package caption Info: wrapfig package is loaded.
) (/usr/local/texlive/2025/texmf-dist/tex/latex/tools/bm.sty
Package: bm 2023/12/19 v1.2f Bold Symbol Support (DPC/FMi)
\symboldoperators=\mathgroup6
\symboldletters=\mathgroup7
\symboldsymbols=\mathgroup8
Package bm Info: No bold for \OMX/cmex/m/n, using \pmb.
Package bm Info: No bold for \U/msa/m/n, using \pmb.
Package bm Info: No bold for \U/msb/m/n, using \pmb.
LaTeX Font Info:    Redeclaring math alphabet \mathbf on input line 149.
) (/usr/local/texlive/2025/texmf-dist/tex/latex/float/float.sty
Package: float 2001/11/08 v1.3d Float enhancements (AL)
\c@float@type=\count331
\float@exts=\toks41
\float@box=\box81
\@float@everytoks=\toks42
\@floatcapt=\box82
) (/usr/local/texlive/2025/texmf-dist/tex/generic/tex4ht/enumitem-hooks.4ht
version 2024-09-09-13:35
) (/usr/local/texlive/2025/texmf-dist/tex/latex/enumitem/enumitem.sty
Package: enumitem 2025/02/06 v3.11 Customized lists
\labelindent=\skip56
\enit@outerparindent=\dimen279
\enit@toks=\toks43
\enit@inbox=\box83
\enit@count@id=\count332
\enitdp@description=\count333
) (/usr/local/texlive/2025/texmf-dist/tex/latex/bussproofs/bussproofs.sty
Proof Tree (bussproofs) style macros. Version 1.1.
\theLevel=\count334
\myMaxLevel=\count335
\myBoxA=\box84
\myBoxB=\box85
\myBoxC=\box86
\myBoxD=\box87
\myBoxLL=\box88
\myBoxRL=\box89
\thisAboveSkip=\dimen280
\thisBelowSkip=\dimen281
\newScoreStart=\dimen282
\newScoreEnd=\dimen283
\newCenter=\dimen284
\displace=\dimen285
\leftLowerAmt=\dimen286
\rightLowerAmt=\dimen287
\scoreHeight=\dimen288
\scoreDepth=\dimen289
\htLbox=\dimen290
\htRbox=\dimen291
\htRRbox=\dimen292
\htRRRbox=\dimen293
\htAbox=\dimen294
\htCbox=\dimen295
) (/usr/local/texlive/2025/texmf-dist/tex/latex/setspace/setspace.sty
Package: setspace 2022/12/04 v6.7b set line spacing
) (/usr/local/texlive/2025/texmf-dist/tex/latex/tools/xspace.sty
Package: xspace 2014/10/28 v1.13 Space after command names (DPC,MH)
) (/usr/local/texlive/2025/texmf-dist/tex/generic/tex4ht/hyperref-hooks.4ht
version 2023-09-17-08:01
) (/usr/local/texlive/2025/texmf-dist/tex/latex/hyperref/hyperref.sty
Package: hyperref 2024-11-05 v7.01l Hypertext links for LaTeX
(/usr/local/texlive/2025/texmf-dist/tex/latex/kvsetkeys/kvsetkeys.sty
Package: kvsetkeys 2022-10-05 v1.19 Key value parser (HO)
) (/usr/local/texlive/2025/texmf-dist/tex/generic/kvdefinekeys/kvdefinekeys.sty
Package: kvdefinekeys 2019-12-19 v1.6 Define keys (HO)
) (/usr/local/texlive/2025/texmf-dist/tex/latex/hycolor/hycolor.sty
Package: hycolor 2020-01-27 v1.10 Color options for hyperref/bookmark (HO)
) (/usr/local/texlive/2025/texmf-dist/tex/latex/hyperref/nameref.sty
Package: nameref 2023-11-26 v2.56 Cross-referencing by name of section
(/usr/local/texlive/2025/texmf-dist/tex/latex/refcount/refcount.sty
Package: refcount 2019/12/15 v3.6 Data extraction from label references (HO)
)
(/usr/local/texlive/2025/texmf-dist/tex/generic/gettitlestring/gettitlestring.s
ty
Package: gettitlestring 2019/12/15 v1.6 Cleanup title references (HO)
(/usr/local/texlive/2025/texmf-dist/tex/latex/kvoptions/kvoptions.sty
Package: kvoptions 2022-06-15 v3.15 Key value format for package options (HO)
))
\c@section@level=\count336
)
\@linkdim=\dimen296
\Hy@linkcounter=\count337
\Hy@pagecounter=\count338
(/usr/local/texlive/2025/texmf-dist/tex/latex/hyperref/pd1enc.def
File: pd1enc.def 2024-11-05 v7.01l Hyperref: PDFDocEncoding definition (HO)
Now handling font encoding PD1 ...
... no UTF-8 mapping file for font encoding PD1
) (/usr/local/texlive/2025/texmf-dist/tex/generic/intcalc/intcalc.sty
Package: intcalc 2019/12/15 v1.3 Expandable calculations with integers (HO)
)
\Hy@SavedSpaceFactor=\count339
(/usr/local/texlive/2025/texmf-dist/tex/latex/hyperref/puenc.def
File: puenc.def 2024-11-05 v7.01l Hyperref: PDF Unicode definition (HO)
Now handling font encoding PU ...
... no UTF-8 mapping file for font encoding PU
)
Package hyperref Info: Option `colorlinks' set `true' on input line 4040.
Package hyperref Info: Hyper figures OFF on input line 4157.
Package hyperref Info: Link nesting OFF on input line 4162.
Package hyperref Info: Hyper index ON on input line 4165.
Package hyperref Info: Plain pages OFF on input line 4172.
Package hyperref Info: Backreferencing OFF on input line 4177.
Package hyperref Info: Implicit mode ON; LaTeX internals redefined.
Package hyperref Info: Bookmarks ON on input line 4424.
\c@Hy@tempcnt=\count340
LaTeX Info: Redefining \url on input line 4763.
\XeTeXLinkMargin=\dimen297
(/usr/local/texlive/2025/texmf-dist/tex/generic/bitset/bitset.sty
Package: bitset 2019/12/09 v1.3 Handle bit-vector datatype (HO)
(/usr/local/texlive/2025/texmf-dist/tex/generic/bigintcalc/bigintcalc.sty
Package: bigintcalc 2019/12/15 v1.5 Expandable calculations on big integers (HO
)
))
\Fld@menulength=\count341
\Field@Width=\dimen298
\Fld@charsize=\dimen299
\Field@toks=\toks44
Package hyperref Info: Hyper figures OFF on input line 6042.
Package hyperref Info: Link nesting OFF on input line 6047.
Package hyperref Info: Hyper index ON on input line 6050.
Package hyperref Info: backreferencing OFF on input line 6057.
Package hyperref Info: Link coloring ON on input line 6060.
Package hyperref Info: Link coloring with OCG OFF on input line 6067.
Package hyperref Info: PDF/A mode OFF on input line 6072.
(/usr/local/texlive/2025/texmf-dist/tex/latex/base/atbegshi-ltx.sty
Package: atbegshi-ltx 2021/01/10 v1.0c Emulation of the original atbegshi
package with kernel methods
)
\Hy@abspage=\count342

Package hyperref Message: Stopped early.

)
Package hyperref Info: Driver: htex4ht.
(/usr/local/texlive/2025/texmf-dist/tex/latex/hyperref/htex4ht.def
File: htex4ht.def 2024-11-05 v7.01l Hyperref driver for TeX4ht
Package hyperref Info: tex4ht is already loaded.
) (./prelude.tex (/usr/local/texlive/2025/texmf-dist/tex/latex/mathpartir/mathp
artir.sty
Package: mathpartir 2016/02/24 version 1.3.2 Math Paragraph for Typesetting Inf
erence Rules
\mpr@andskip=\skip57
\mpr@lista=\toks45
\mpr@listb=\toks46
\mpr@hlist=\box90
\mpr@vlist=\box91
\mpr@right=\box92
) (/usr/local/texlive/2025/texmf-dist/tex/latex/amscls/amsthm.sty
Package: amsthm 2020/05/29 v2.20.6
\thm@style=\toks47
\thm@bodyfont=\toks48
\thm@headfont=\toks49
\thm@notefont=\toks50
\thm@headpunct=\toks51
\thm@preskip=\skip58
\thm@postskip=\skip59
\thm@headsep=\skip60
\dth@everypar=\toks52
) (/usr/local/texlive/2025/texmf-dist/tex/latex/graphics/rotating.sty
Package: rotating 2016/08/11 v2.16d rotated objects in LaTeX
\c@r@tfl@t=\count343
\rotFPtop=\skip61
\rotFPbot=\skip62
\rot@float@box=\box93
\rot@mess@toks=\toks53
) (/usr/local/texlive/2025/texmf-dist/tex/latex/blox/blox.sty
Package: blox 2021/2/22 v2.51 Just an English translation of schemabloc
* 
blox: Just an English translation of schemabloc package.
blox Copyright (C) 2014-2021 Ben Reish
* 
This program comes with ABSOLUTELY NO WARRANTY.
This is free software, and you are welcome to redistribute it
under certain conditions.
* 
(/usr/local/texlive/2025/texmf-dist/tex/generic/tex4ht/tikz-hooks.4ht
version 2024-01-15-14:00
)
(/usr/local/texlive/2025/texmf-dist/tex/generic/pgf/frontendlayer/tikz/librarie
s/tikzlibraryshapes.code.tex
File: tikzlibraryshapes.code.tex 2023-01-15 v3.1.10 (3.1.10)

(/usr/local/texlive/2025/texmf-dist/tex/generic/pgf/frontendlayer/tikz/librarie
s/tikzlibraryshapes.geometric.code.tex
File: tikzlibraryshapes.geometric.code.tex 2023-01-15 v3.1.10 (3.1.10)

(/usr/local/texlive/2025/texmf-dist/tex/generic/pgf/libraries/shapes/pgflibrary
shapes.geometric.code.tex
File: pgflibraryshapes.geometric.code.tex 2023-01-15 v3.1.10 (3.1.10)
))
(/usr/local/texlive/2025/texmf-dist/tex/generic/pgf/frontendlayer/tikz/librarie
s/tikzlibraryshapes.misc.code.tex
File: tikzlibraryshapes.misc.code.tex 2023-01-15 v3.1.10 (3.1.10)

(/usr/local/texlive/2025/texmf-dist/tex/generic/pgf/libraries/shapes/pgflibrary
shapes.misc.code.tex
File: pgflibraryshapes.misc.code.tex 2023-01-15 v3.1.10 (3.1.10)
))
(/usr/local/texlive/2025/texmf-dist/tex/generic/pgf/frontendlayer/tikz/librarie
s/tikzlibraryshapes.symbols.code.tex
File: tikzlibraryshapes.symbols.code.tex 2023-01-15 v3.1.10 (3.1.10)

(/usr/local/texlive/2025/texmf-dist/tex/generic/pgf/libraries/shapes/pgflibrary
shapes.symbols.code.tex
File: pgflibraryshapes.symbols.code.tex 2023-01-15 v3.1.10 (3.1.10)
))
(/usr/local/texlive/2025/texmf-dist/tex/generic/pgf/frontendlayer/tikz/librarie
s/tikzlibraryshapes.arrows.code.tex
File: tikzlibraryshapes.arrows.code.tex 2023-01-15 v3.1.10 (3.1.10)

(/usr/local/texlive/2025/texmf-dist/tex/generic/pgf/libraries/shapes/pgflibrary
shapes.arrows.code.tex
File: pgflibraryshapes.arrows.code.tex 2023-01-15 v3.1.10 (3.1.10)
))
(/usr/local/texlive/2025/texmf-dist/tex/generic/pgf/frontendlayer/tikz/librarie
s/tikzlibraryshapes.callouts.code.tex
(/usr/local/texlive/2025/texmf-dist/tex/generic/pgf/libraries/shapes/pgflibrary
shapes.callouts.code.tex))
(/usr/local/texlive/2025/texmf-dist/tex/generic/pgf/frontendlayer/tikz/librarie
s/tikzlibraryshapes.multipart.code.tex
File: tikzlibraryshapes.multipart.code.tex 2023-01-15 v3.1.10 (3.1.10)

(/usr/local/texlive/2025/texmf-dist/tex/generic/pgf/libraries/shapes/pgflibrary
shapes.multipart.code.tex
File: pgflibraryshapes.multipart.code.tex 2023-01-15 v3.1.10 (3.1.10)
\pgfnodepartlowerbox=\box94
\pgfnodeparttwobox=\box95
\pgfnodepartthreebox=\box96
\pgfnodepartfourbox=\box97
\pgfnodeparttwentybox=\box98
\pgfnodepartnineteenbox=\box99
\pgfnodeparteighteenbox=\box100
\pgfnodepartseventeenbox=\box101
\pgfnodepartsixteenbox=\box102
\pgfnodepartfifteenbox=\box103
\pgfnodepartfourteenbox=\box104
\pgfnodepartthirteenbox=\box105
\pgfnodeparttwelvebox=\box106
\pgfnodepartelevenbox=\box107
\pgfnodeparttenbox=\box108
\pgfnodepartninebox=\box109
\pgfnodeparteightbox=\box110
\pgfnodepartsevenbox=\box111
\pgfnodepartsixbox=\box112
\pgfnodepartfivebox=\box113
)))
(/usr/local/texlive/2025/texmf-dist/tex/generic/pgf/frontendlayer/tikz/librarie
s/tikzlibraryarrows.code.tex
File: tikzlibraryarrows.code.tex 2023-01-15 v3.1.10 (3.1.10)

(/usr/local/texlive/2025/texmf-dist/tex/generic/pgf/libraries/pgflibraryarrows.
code.tex
File: pgflibraryarrows.code.tex 2023-01-15 v3.1.10 (3.1.10)
\arrowsize=\dimen300
))) (./eventblst.sty
Package: eventblst 2016/11/28 v3.0 Event-B listings
(./bsymb.sty
Package: bsymb 2006/02/06 v1.7 Symbols for the B language
)) (./dafny.sty) (/usr/local/texlive/2025/texmf-dist/tex/generic/tex4ht/xcolor-
hooks.4ht
version 2020-10-17-13:53
) (/usr/local/texlive/2025/texmf-dist/tex/latex/outlines/outlines.sty
Package: outlines 2012/1/23 1.1 Ch. Pecheur
) (/usr/local/texlive/2025/texmf-dist/tex/generic/ulem/ulem.sty
\UL@box=\box114
\UL@hyphenbox=\box115
\UL@skip=\skip63
\UL@hook=\toks54
\UL@height=\dimen301
\UL@pe=\count344
\UL@pixel=\dimen302
\ULC@box=\box116
Package: ulem 2019/11/18
\ULdepth=\dimen303
))
\c@myexample=\count345
\c@mytheorem=\count346
\c@exemple=\count347
(./eb2latex.tex) (/usr/local/texlive/2025/texmf-dist/tex/generic/tex4ht/tex4ht.
4ht
version 2025-02-09-08:05
--------------------------------------
--- Note --- for additional information, use the command line option `info'
--------------------------------------
::::::::::::::::::::::::::::::::::::::::::
 TeX4ht info is available in the log file 
::::::::::::::::::::::::::::::::::::::::::
) (/usr/local/texlive/2025/texmf-dist/tex/generic/tex4ht/tex4ht.sty
version 2025-02-27-12:30
l.875 --- TeX4ht warning --- nonprimitive \everypar ---
--- needs --- tex4ht web ---
\tmp:cnt=\count348
\openout15 = `web.tmp'.

(./web.tmp)
\tmp:dim=\skip64
(./web.xref)
\:refout=\write4
\openout4 = `web.xref'.

(/usr/local/texlive/2025/texmf-dist/tex/generic/tex4ht/html4.4ht
version 2025-03-05-13:44
--------------------------------------
--- Note --- to remove the <?xml version=...?> processing instruction use the c
ommand line option `no-VERSION'
--------------------------------------
--------------------------------------
--- Note --- to remove the DOCTYPE declaration use the command line option `no-
DOCTYPE'
--------------------------------------
) (/usr/local/texlive/2025/texmf-dist/tex/generic/tex4ht/unicode.4ht
version 2024-12-15-07:18
) (/usr/local/texlive/2025/texmf-dist/tex/generic/tex4ht/html4-math.4ht
version 2024-09-27-10:13
) (/usr/local/texlive/2025/texmf-dist/tex/generic/tex4ht/html5.4ht
version 2024-04-09-09:36
)
--------------------------------------
--- Note --- for marking of the base font, use the command line option `fonts+'

--------------------------------------
--------------------------------------
--- Note --- for non active _, use the command line option `no_'
--------------------------------------
--------------------------------------
--- Note --- for _ of catcode 13, use the command line option `_13'
--------------------------------------
--------------------------------------
--- Note --- for non active ^, use the command line option `no^'
--------------------------------------
--------------------------------------
--- Note --- for ^ of catcode 13, use the command line option `^13'
--------------------------------------
(/usr/local/texlive/2025/texmf-dist/tex/generic/tex4ht/html4.4ht
version 2025-03-05-13:44
--------------------------------------
--- Note --- to ignore CSS font decoration, use the `NoFonts' command line opti
on
--------------------------------------
--------------------------------------
--- Note --- for jpg bitmaps of pictures, use the `jpg' command line option. (C
haracter bitmaps are controled only by `g' records of tex4ht.env and `-g' switc
hes of tex4ht.c) 
--------------------------------------
--------------------------------------
--- Note --- for gif bitmaps of pictures, use the `gif' command line option. (C
haracter bitmaps are controled only by `g' records of tex4ht.env and `-g' switc
hes of tex4ht.c) 
--------------------------------------
--------------------------------------
--- Note --- for content and toc in 2 frames, use the command line option `fram
es'
--------------------------------------
--------------------------------------
--- Note --- for content, toc, and footnotes in 3 frames, use the command line 
option `frames-fn'
--------------------------------------
--------------------------------------
--- Note --- for file extension name xht, use the command line option `xht'
--------------------------------------
TeX4ht package options: xhtml,3,sec-filename,fn-in,charset=utf-8,html5,html
--------------------------------------
--- Note --- To print a timestamp, use the command line option timestamp
--------------------------------------
--------------------------------------
--- Note --- to ignore CSS code, use the command line option `-css
--------------------------------------
--------------------------------------
--- Note --- for inline CSS code, use the command line option `css-in'
--------------------------------------
--------------------------------------
--- Note --- for pop ups on mouse over, use the command line option `mouseover'

--------------------------------------
--------------------------------------
--- Note --- for addressing images in a subdirectory, use the command line opti
on `imgdir:.../'
--------------------------------------
) (/usr/local/texlive/2025/texmf-dist/tex/generic/tex4ht/unicode.4ht
version 2024-12-15-07:18
) (/usr/local/texlive/2025/texmf-dist/tex/generic/tex4ht/html4-math.4ht
version 2024-09-27-10:13
) (/usr/local/texlive/2025/texmf-dist/tex/generic/tex4ht/html5.4ht
version 2024-04-09-09:36
--------------------------------------
--- Note --- To print a timestamp, use the command line option timestamp
--------------------------------------
--------------------------------------
--- Note --- We use a default CSS style. Use the `nostyle' option if you want t
o use custom a CSS design
--------------------------------------
)
\:tokwrite=\toks55
\:tokpage=\toks56
--------------------------------------
--- Note --- for back links to toc, use the command line option `sections+'
--------------------------------------
--------------------------------------
--- Note --- for linear crosslinks of pages, use the command line option `next'

--------------------------------------
\openout15 = `web.4ct'.

\:tocout=\write5
\openout5 = `web.4tc'.

(web.4tc) (/usr/local/texlive/2025/texmf-dist/tex/generic/tex4ht/html4.4ht
version 2025-03-05-13:44
) (/usr/local/texlive/2025/texmf-dist/tex/generic/tex4ht/unicode.4ht
version 2024-12-15-07:18
) (/usr/local/texlive/2025/texmf-dist/tex/generic/tex4ht/html4-math.4ht
version 2024-09-27-10:13
) (/usr/local/texlive/2025/texmf-dist/tex/generic/tex4ht/html5.4ht
version 2024-04-09-09:36
) (/usr/local/texlive/2025/texmf-dist/tex/generic/tex4ht/latex.4ht
version 2025-02-05-13:01
LaTeX Info: Redefining \_ on input line 180.
LaTeX Info: Redefining \begin on input line 624.
LaTeX Info: Redefining \end on input line 672.
LaTeX Info: Redefining \, on input line 834.
LaTeX Info: Redefining \; on input line 835.
LaTeX Info: Redefining \! on input line 836.
LaTeX Info: Redefining \: on input line 837.
LaTeX Info: Redefining \> on input line 838.
--------------------------------------
--- Note --- for links into captions, instead of float heads, use the command l
ine option `refcaption'
--------------------------------------
(/usr/local/texlive/2025/texmf-dist/tex/generic/tex4ht/html4.4ht
version 2025-03-05-13:44
) (/usr/local/texlive/2025/texmf-dist/tex/generic/tex4ht/unicode.4ht
version 2024-12-15-07:18
) (/usr/local/texlive/2025/texmf-dist/tex/generic/tex4ht/html4-math.4ht
version 2024-09-27-10:13
) (/usr/local/texlive/2025/texmf-dist/tex/generic/tex4ht/html5.4ht
version 2024-04-09-09:36
) (/usr/local/texlive/2025/texmf-dist/tex/generic/tex4ht/html4.4ht
version 2025-03-05-13:44
--------------------------------------
--- Note --- For mini tocs immediately aftter the header use the command line o
ption `minitoc<'
--------------------------------------
--------------------------------------
--- Note --- for enumerated list elements with valued data, use the command lin
e option `enumerate+'
--------------------------------------
--------------------------------------
--- Note --- for enumerated list elements li's with value attributes, use the c
ommand line option `enumerate-'
--------------------------------------
--------------------------------------
--- Note --- for CSS2 code, use the command line option `css2'
--------------------------------------
--------------------------------------
--- Note --- for pictorial tabular, use the command line option `pic-tabular'
--------------------------------------
--------------------------------------
--- Note --- for bitmap fbox'es, use the command line option `pic-fbox'
--------------------------------------
--------------------------------------
--- Note --- for bitmap framebox'es, use the command line option `pic-framebox'

--------------------------------------
\fn:box=\box117
--------------------------------------
--- Note --- for tracing of latex font commands, use the command line option `f
onts'
--------------------------------------
--------------------------------------
--- Note --- for width specifications of tabular p entries, use the `p-width' c
ommand line option or a configuration similar to \Configure{HColWidth}{\HCode{ 
style="width:\HColWidth"}}
--------------------------------------
) (/usr/local/texlive/2025/texmf-dist/tex/generic/tex4ht/unicode.4ht
version 2024-12-15-07:18
) (/usr/local/texlive/2025/texmf-dist/tex/generic/tex4ht/html4-math.4ht
version 2024-09-27-10:13
--------------------------------------
--- Note --- for pictorial eqnarray, use the command line option `pic-eqnarray'

--------------------------------------
--------------------------------------
--- Note --- for pictorial array, use the command line option `pic-array'
--------------------------------------
--------------------------------------
--- Note --- for pictorial $...$ environments, use the command line option `pic
-m' (not recommended!!)
--------------------------------------
--------------------------------------
--- Note --- for pictorial $...$ and $$...$$ environments with latex alt, use t
he command line option `pic-m+' (not safe!!)
--------------------------------------
--------------------------------------
--- Note --- for pictorial array, use the command line option `pic-array'
--------------------------------------
) (/usr/local/texlive/2025/texmf-dist/tex/generic/tex4ht/html5.4ht
version 2024-04-09-09:36
)) (/usr/local/texlive/2025/texmf-dist/tex/generic/tex4ht/fontmath.4ht
version 2022-10-25-13:59
(/usr/local/texlive/2025/texmf-dist/tex/generic/tex4ht/html4.4ht
version 2025-03-05-13:44
) (/usr/local/texlive/2025/texmf-dist/tex/generic/tex4ht/unicode.4ht
version 2024-12-15-07:18
) (/usr/local/texlive/2025/texmf-dist/tex/generic/tex4ht/html4-math.4ht
version 2024-09-27-10:13
) (/usr/local/texlive/2025/texmf-dist/tex/generic/tex4ht/html5.4ht
version 2024-04-09-09:36
)) (/usr/local/texlive/2025/texmf-dist/tex/generic/tex4ht/article.4ht
version 2023-04-10-13:46
(/usr/local/texlive/2025/texmf-dist/tex/generic/tex4ht/html4.4ht
version 2025-03-05-13:44
--------------------------------------
--- Note --- for tocs without * entries, use command line option `notoc*'
--------------------------------------
--------------------------------------
--- Note --- for tocs without * entries, use command line option `notoc*'
--------------------------------------
--------------------------------------
--- Note --- for tocs without * entries, use command line option `notoc*'
--------------------------------------
--------------------------------------
--- Note --- to eliminate mini tables of contents, use the command line option 
`nominitoc'
--------------------------------------
--------------------------------------
--- Note --- to eliminate mini tables of contents, use the command line option 
`nominitoc'
--------------------------------------
--------------------------------------
--- Note --- for frames-like object-based table of contents, use the command li
ne option `obj-toc'
--------------------------------------
--------------------------------------
--- Note --- for i-columns index, use the command line option `index=i' (e.g., 
index=2)
--------------------------------------
) (/usr/local/texlive/2025/texmf-dist/tex/generic/tex4ht/unicode.4ht
version 2024-12-15-07:18
) (/usr/local/texlive/2025/texmf-dist/tex/generic/tex4ht/html4-math.4ht
version 2024-09-27-10:13
) (/usr/local/texlive/2025/texmf-dist/tex/generic/tex4ht/html5.4ht
version 2024-04-09-09:36
)) (/usr/local/texlive/2025/texmf-dist/tex/generic/tex4ht/tcolorbox.4ht
version 2024-04-23-10:44
\c@:tcbcolcount=\count349
(/usr/local/texlive/2025/texmf-dist/tex/generic/tex4ht/html4.4ht
version 2025-03-05-13:44
) (/usr/local/texlive/2025/texmf-dist/tex/generic/tex4ht/unicode.4ht
version 2024-12-15-07:18
) (/usr/local/texlive/2025/texmf-dist/tex/generic/tex4ht/html4-math.4ht
version 2024-09-27-10:13
) (/usr/local/texlive/2025/texmf-dist/tex/generic/tex4ht/html5.4ht
version 2024-04-09-09:36
)) (/usr/local/texlive/2025/texmf-dist/tex/generic/tex4ht/pgf.4ht
version 2009-05-21-09:32
(/usr/local/texlive/2025/texmf-dist/tex/generic/tex4ht/html4.4ht
version 2025-03-05-13:44
) (/usr/local/texlive/2025/texmf-dist/tex/generic/tex4ht/unicode.4ht
version 2024-12-15-07:18
) (/usr/local/texlive/2025/texmf-dist/tex/generic/tex4ht/html4-math.4ht
version 2024-09-27-10:13
) (/usr/local/texlive/2025/texmf-dist/tex/generic/tex4ht/html5.4ht
version 2024-04-09-09:36
)) (/usr/local/texlive/2025/texmf-dist/tex/generic/tex4ht/graphicx.4ht
version 2022-01-12-13:53
(/usr/local/texlive/2025/texmf-dist/tex/generic/tex4ht/html4.4ht
version 2025-03-05-13:44
) (/usr/local/texlive/2025/texmf-dist/tex/generic/tex4ht/unicode.4ht
version 2024-12-15-07:18
) (/usr/local/texlive/2025/texmf-dist/tex/generic/tex4ht/html4-math.4ht
version 2024-09-27-10:13
) (/usr/local/texlive/2025/texmf-dist/tex/generic/tex4ht/html5.4ht
version 2024-04-09-09:36
)) (/usr/local/texlive/2025/texmf-dist/tex/generic/tex4ht/graphics.4ht
version 2024-03-07-13:56
(/usr/local/texlive/2025/texmf-dist/tex/generic/tex4ht/html4.4ht
version 2025-03-05-13:44
--------------------------------------
--- Note --- if included graphics are of degraded quality, try the command line
 options `graphics-num' or `graphics-'. The `num' should provide the density of
 pixels in the bitmaps (e.g., 110). 
--------------------------------------
--------------------------------------
--- Note --- for setting image dimensions, try the option `Gin-dim'; to use per
cents instead of units, use `Gin-perecent'; for key dimensions when bounding bo
x is unavailable try `Gin-dim+'; neither is recommended
--------------------------------------
) (/usr/local/texlive/2025/texmf-dist/tex/generic/tex4ht/unicode.4ht
version 2024-12-15-07:18
) (/usr/local/texlive/2025/texmf-dist/tex/generic/tex4ht/html4-math.4ht
version 2024-09-27-10:13
) (/usr/local/texlive/2025/texmf-dist/tex/generic/tex4ht/html5.4ht
version 2024-04-09-09:36
)) (/usr/local/texlive/2025/texmf-dist/tex/generic/tex4ht/dvips.4ht
version 2009-05-21-09:32
(/usr/local/texlive/2025/texmf-dist/tex/generic/tex4ht/html4.4ht
version 2025-03-05-13:44
) (/usr/local/texlive/2025/texmf-dist/tex/generic/tex4ht/unicode.4ht
version 2024-12-15-07:18
) (/usr/local/texlive/2025/texmf-dist/tex/generic/tex4ht/html4-math.4ht
version 2024-09-27-10:13
) (/usr/local/texlive/2025/texmf-dist/tex/generic/tex4ht/html5.4ht
version 2024-04-09-09:36
)) (/usr/local/texlive/2025/texmf-dist/tex/generic/tex4ht/xcolor.4ht
version 2024-05-09-14:07
(/usr/local/texlive/2025/texmf-dist/tex/generic/tex4ht/color.4ht
version 2022-02-01-14:27
(/usr/local/texlive/2025/texmf-dist/tex/generic/tex4ht/html4.4ht
version 2025-03-05-13:44
) (/usr/local/texlive/2025/texmf-dist/tex/generic/tex4ht/unicode.4ht
version 2024-12-15-07:18
) (/usr/local/texlive/2025/texmf-dist/tex/generic/tex4ht/html4-math.4ht
version 2024-09-27-10:13
) (/usr/local/texlive/2025/texmf-dist/tex/generic/tex4ht/html5.4ht
version 2024-04-09-09:36
)) (/usr/local/texlive/2025/texmf-dist/tex/generic/tex4ht/html4.4ht
version 2025-03-05-13:44
) (/usr/local/texlive/2025/texmf-dist/tex/generic/tex4ht/unicode.4ht
version 2024-12-15-07:18
) (/usr/local/texlive/2025/texmf-dist/tex/generic/tex4ht/html4-math.4ht
version 2024-09-27-10:13
) (/usr/local/texlive/2025/texmf-dist/tex/generic/tex4ht/html5.4ht
version 2024-04-09-09:36
)) (/usr/local/texlive/2025/texmf-dist/tex/generic/tex4ht/color.4ht
version 2022-02-01-14:27
) (/usr/local/texlive/2025/texmf-dist/tex/generic/tex4ht/verbatim.4ht
version 2021-07-04-09:13
(/usr/local/texlive/2025/texmf-dist/tex/generic/tex4ht/html4.4ht
version 2025-03-05-13:44
) (/usr/local/texlive/2025/texmf-dist/tex/generic/tex4ht/unicode.4ht
version 2024-12-15-07:18
) (/usr/local/texlive/2025/texmf-dist/tex/generic/tex4ht/html4-math.4ht
version 2024-09-27-10:13
) (/usr/local/texlive/2025/texmf-dist/tex/generic/tex4ht/html5.4ht
version 2024-04-09-09:36
)) (/usr/local/texlive/2025/texmf-dist/tex/generic/tex4ht/amsmath.4ht
version 2025-01-08-13:38
\tmp:muskip=\muskip19
(/usr/local/texlive/2025/texmf-dist/tex/generic/tex4ht/html4.4ht
version 2025-03-05-13:44
) (/usr/local/texlive/2025/texmf-dist/tex/generic/tex4ht/unicode.4ht
version 2024-12-15-07:18
) (/usr/local/texlive/2025/texmf-dist/tex/generic/tex4ht/html4-math.4ht
version 2024-09-27-10:13
LaTeX Info: Redefining \[ on input line 511.
LaTeX Info: Redefining \] on input line 511.
) (/usr/local/texlive/2025/texmf-dist/tex/generic/tex4ht/html5.4ht
version 2024-04-09-09:36
)) (/usr/local/texlive/2025/texmf-dist/tex/generic/tex4ht/amstext.4ht
version 2009-05-21-09:32
(/usr/local/texlive/2025/texmf-dist/tex/generic/tex4ht/html4.4ht
version 2025-03-05-13:44
) (/usr/local/texlive/2025/texmf-dist/tex/generic/tex4ht/unicode.4ht
version 2024-12-15-07:18
) (/usr/local/texlive/2025/texmf-dist/tex/generic/tex4ht/html4-math.4ht
version 2024-09-27-10:13
) (/usr/local/texlive/2025/texmf-dist/tex/generic/tex4ht/html5.4ht
version 2024-04-09-09:36
)) (/usr/local/texlive/2025/texmf-dist/tex/generic/tex4ht/amsbsy.4ht
version 2009-05-21-09:32
(/usr/local/texlive/2025/texmf-dist/tex/generic/tex4ht/html4.4ht
version 2025-03-05-13:44
) (/usr/local/texlive/2025/texmf-dist/tex/generic/tex4ht/unicode.4ht
version 2024-12-15-07:18
) (/usr/local/texlive/2025/texmf-dist/tex/generic/tex4ht/html4-math.4ht
version 2024-09-27-10:13
) (/usr/local/texlive/2025/texmf-dist/tex/generic/tex4ht/html5.4ht
version 2024-04-09-09:36
)) (/usr/local/texlive/2025/texmf-dist/tex/generic/tex4ht/amsopn.4ht
version 2009-05-21-09:32
(/usr/local/texlive/2025/texmf-dist/tex/generic/tex4ht/html4.4ht
version 2025-03-05-13:44
) (/usr/local/texlive/2025/texmf-dist/tex/generic/tex4ht/unicode.4ht
version 2024-12-15-07:18
) (/usr/local/texlive/2025/texmf-dist/tex/generic/tex4ht/html4-math.4ht
version 2024-09-27-10:13
) (/usr/local/texlive/2025/texmf-dist/tex/generic/tex4ht/html5.4ht
version 2024-04-09-09:36
)) (/usr/local/texlive/2025/texmf-dist/tex/generic/tex4ht/listings.4ht
version 2025-02-27-12:30
(/usr/local/texlive/2025/texmf-dist/tex/generic/tex4ht/html4.4ht
version 2025-03-05-13:44
--------------------------------------
--- Note --- to ensure proper alignments use fixed size fonts (see listings.dtx
)
--------------------------------------
) (/usr/local/texlive/2025/texmf-dist/tex/generic/tex4ht/unicode.4ht
version 2024-12-15-07:18
) (/usr/local/texlive/2025/texmf-dist/tex/generic/tex4ht/html4-math.4ht
version 2024-09-27-10:13
) (/usr/local/texlive/2025/texmf-dist/tex/generic/tex4ht/html5.4ht
version 2024-04-09-09:36
)) (/usr/local/texlive/2025/texmf-dist/tex/generic/tex4ht/url.4ht
version 2023-02-19-10:11
(/usr/local/texlive/2025/texmf-dist/tex/generic/tex4ht/html4.4ht
version 2025-03-05-13:44
--------------------------------------
--- Note --- for URL encoding within href use the command line option `url-enc'

--------------------------------------
) (/usr/local/texlive/2025/texmf-dist/tex/generic/tex4ht/unicode.4ht
version 2024-12-15-07:18
) (/usr/local/texlive/2025/texmf-dist/tex/generic/tex4ht/html4-math.4ht
version 2024-09-27-10:13
) (/usr/local/texlive/2025/texmf-dist/tex/generic/tex4ht/html5.4ht
version 2024-04-09-09:36
)) (/usr/local/texlive/2025/texmf-dist/tex/generic/tex4ht/amssymb.4ht
version 2009-05-21-09:32
(/usr/local/texlive/2025/texmf-dist/tex/generic/tex4ht/html4.4ht
version 2025-03-05-13:44
) (/usr/local/texlive/2025/texmf-dist/tex/generic/tex4ht/unicode.4ht
version 2024-12-15-07:18
) (/usr/local/texlive/2025/texmf-dist/tex/generic/tex4ht/html4-math.4ht
version 2024-09-27-10:13
) (/usr/local/texlive/2025/texmf-dist/tex/generic/tex4ht/html5.4ht
version 2024-04-09-09:36
)) (/usr/local/texlive/2025/texmf-dist/tex/generic/tex4ht/amsfonts.4ht
version 2024-11-03-05:51
(/usr/local/texlive/2025/texmf-dist/tex/generic/tex4ht/html4.4ht
version 2025-03-05-13:44
) (/usr/local/texlive/2025/texmf-dist/tex/generic/tex4ht/unicode.4ht
version 2024-12-15-07:18
) (/usr/local/texlive/2025/texmf-dist/tex/generic/tex4ht/html4-math.4ht
version 2024-09-27-10:13
) (/usr/local/texlive/2025/texmf-dist/tex/generic/tex4ht/html5.4ht
version 2024-04-09-09:36
)) (/usr/local/texlive/2025/texmf-dist/tex/generic/tex4ht/algorithmic.4ht
version 2009-05-21-09:32
(/usr/local/texlive/2025/texmf-dist/tex/generic/tex4ht/html4.4ht
version 2025-03-05-13:44
) (/usr/local/texlive/2025/texmf-dist/tex/generic/tex4ht/unicode.4ht
version 2024-12-15-07:18
) (/usr/local/texlive/2025/texmf-dist/tex/generic/tex4ht/html4-math.4ht
version 2024-09-27-10:13
) (/usr/local/texlive/2025/texmf-dist/tex/generic/tex4ht/html5.4ht
version 2024-04-09-09:36
)) (/usr/local/texlive/2025/texmf-dist/tex/generic/tex4ht/ifthen.4ht
version 2022-06-08-14:13
(/usr/local/texlive/2025/texmf-dist/tex/generic/tex4ht/html4.4ht
version 2025-03-05-13:44
) (/usr/local/texlive/2025/texmf-dist/tex/generic/tex4ht/unicode.4ht
version 2024-12-15-07:18
) (/usr/local/texlive/2025/texmf-dist/tex/generic/tex4ht/html4-math.4ht
version 2024-09-27-10:13
) (/usr/local/texlive/2025/texmf-dist/tex/generic/tex4ht/html5.4ht
version 2024-04-09-09:36
)) (/usr/local/texlive/2025/texmf-dist/tex/generic/tex4ht/wrapfig.4ht
version 2009-05-21-09:32
(/usr/local/texlive/2025/texmf-dist/tex/generic/tex4ht/html4.4ht
version 2025-03-05-13:44
) (/usr/local/texlive/2025/texmf-dist/tex/generic/tex4ht/unicode.4ht
version 2024-12-15-07:18
) (/usr/local/texlive/2025/texmf-dist/tex/generic/tex4ht/html4-math.4ht
version 2024-09-27-10:13
) (/usr/local/texlive/2025/texmf-dist/tex/generic/tex4ht/html5.4ht
version 2024-04-09-09:36
)) (/usr/local/texlive/2025/texmf-dist/tex/generic/tex4ht/caption.4ht
version 2024-11-11-13:40
(/usr/local/texlive/2025/texmf-dist/tex/generic/tex4ht/html4.4ht
version 2025-03-05-13:44
) (/usr/local/texlive/2025/texmf-dist/tex/generic/tex4ht/unicode.4ht
version 2024-12-15-07:18
) (/usr/local/texlive/2025/texmf-dist/tex/generic/tex4ht/html4-math.4ht
version 2024-09-27-10:13
) (/usr/local/texlive/2025/texmf-dist/tex/generic/tex4ht/html5.4ht
version 2024-04-09-09:36
)) (/usr/local/texlive/2025/texmf-dist/tex/generic/tex4ht/bm.4ht
version 2009-05-21-09:32
(/usr/local/texlive/2025/texmf-dist/tex/generic/tex4ht/html4.4ht
version 2025-03-05-13:44
) (/usr/local/texlive/2025/texmf-dist/tex/generic/tex4ht/unicode.4ht
version 2024-12-15-07:18
) (/usr/local/texlive/2025/texmf-dist/tex/generic/tex4ht/html4-math.4ht
version 2024-09-27-10:13
) (/usr/local/texlive/2025/texmf-dist/tex/generic/tex4ht/html5.4ht
version 2024-04-09-09:36
)) (/usr/local/texlive/2025/texmf-dist/tex/generic/tex4ht/float.4ht
version 2009-05-21-09:32
(/usr/local/texlive/2025/texmf-dist/tex/generic/tex4ht/html4.4ht
version 2025-03-05-13:44
) (/usr/local/texlive/2025/texmf-dist/tex/generic/tex4ht/unicode.4ht
version 2024-12-15-07:18
) (/usr/local/texlive/2025/texmf-dist/tex/generic/tex4ht/html4-math.4ht
version 2024-09-27-10:13
) (/usr/local/texlive/2025/texmf-dist/tex/generic/tex4ht/html5.4ht
version 2024-04-09-09:36
)) (/usr/local/texlive/2025/texmf-dist/tex/generic/tex4ht/enumitem.4ht
version 2024-09-09-13:35
(/usr/local/texlive/2025/texmf-dist/tex/generic/tex4ht/html4.4ht
version 2025-03-05-13:44
) (/usr/local/texlive/2025/texmf-dist/tex/generic/tex4ht/unicode.4ht
version 2024-12-15-07:18
) (/usr/local/texlive/2025/texmf-dist/tex/generic/tex4ht/html4-math.4ht
version 2024-09-27-10:13
) (/usr/local/texlive/2025/texmf-dist/tex/generic/tex4ht/html5.4ht
version 2024-04-09-09:36
)) (/usr/local/texlive/2025/texmf-dist/tex/generic/tex4ht/bussproofs.4ht
version 2019-05-22-15:29
(/usr/local/texlive/2025/texmf-dist/tex/generic/tex4ht/html4.4ht
version 2025-03-05-13:44
) (/usr/local/texlive/2025/texmf-dist/tex/generic/tex4ht/unicode.4ht
version 2024-12-15-07:18
) (/usr/local/texlive/2025/texmf-dist/tex/generic/tex4ht/html4-math.4ht
version 2024-09-27-10:13
) (/usr/local/texlive/2025/texmf-dist/tex/generic/tex4ht/html5.4ht
version 2024-04-09-09:36
)) (/usr/local/texlive/2025/texmf-dist/tex/generic/tex4ht/hyperref.4ht
version 2024-02-29-14:08
LaTeX Info: Redefining \autoref on input line 88.
\Hy@SectionHShift=\skip65
(/usr/local/texlive/2025/texmf-dist/tex/generic/tex4ht/html4.4ht
version 2025-03-05-13:44
) (/usr/local/texlive/2025/texmf-dist/tex/generic/tex4ht/unicode.4ht
version 2024-12-15-07:18
) (/usr/local/texlive/2025/texmf-dist/tex/generic/tex4ht/html4-math.4ht
version 2024-09-27-10:13
) (/usr/local/texlive/2025/texmf-dist/tex/generic/tex4ht/html5.4ht
version 2024-04-09-09:36
)) (/usr/local/texlive/2025/texmf-dist/tex/generic/tex4ht/nameref.4ht
version 2025-03-03-13:56
(/usr/local/texlive/2025/texmf-dist/tex/generic/tex4ht/html4.4ht
version 2025-03-05-13:44
) (/usr/local/texlive/2025/texmf-dist/tex/generic/tex4ht/unicode.4ht
version 2024-12-15-07:18
) (/usr/local/texlive/2025/texmf-dist/tex/generic/tex4ht/html4-math.4ht
version 2024-09-27-10:13
) (/usr/local/texlive/2025/texmf-dist/tex/generic/tex4ht/html5.4ht
version 2024-04-09-09:36
)) (/usr/local/texlive/2025/texmf-dist/tex/generic/tex4ht/pd1enc.4ht
version 2009-05-21-09:32
(/usr/local/texlive/2025/texmf-dist/tex/generic/tex4ht/html4.4ht
version 2025-03-05-13:44
) (/usr/local/texlive/2025/texmf-dist/tex/generic/tex4ht/unicode.4ht
version 2024-12-15-07:18
) (/usr/local/texlive/2025/texmf-dist/tex/generic/tex4ht/html4-math.4ht
version 2024-09-27-10:13
) (/usr/local/texlive/2025/texmf-dist/tex/generic/tex4ht/html5.4ht
version 2024-04-09-09:36
)) (/usr/local/texlive/2025/texmf-dist/tex/generic/tex4ht/amsthm.4ht
version 2009-05-21-09:32
(/usr/local/texlive/2025/texmf-dist/tex/generic/tex4ht/html4.4ht
version 2025-03-05-13:44
) (/usr/local/texlive/2025/texmf-dist/tex/generic/tex4ht/unicode.4ht
version 2024-12-15-07:18
) (/usr/local/texlive/2025/texmf-dist/tex/generic/tex4ht/html4-math.4ht
version 2024-09-27-10:13
) (/usr/local/texlive/2025/texmf-dist/tex/generic/tex4ht/html5.4ht
version 2024-04-09-09:36
)) (/usr/local/texlive/2025/texmf-dist/tex/generic/tex4ht/rotating.4ht
version 2009-05-21-09:32
(/usr/local/texlive/2025/texmf-dist/tex/generic/tex4ht/html4.4ht
version 2025-03-05-13:44
) (/usr/local/texlive/2025/texmf-dist/tex/generic/tex4ht/unicode.4ht
version 2024-12-15-07:18
) (/usr/local/texlive/2025/texmf-dist/tex/generic/tex4ht/html4-math.4ht
version 2024-09-27-10:13
) (/usr/local/texlive/2025/texmf-dist/tex/generic/tex4ht/html5.4ht
version 2024-04-09-09:36
)) (/usr/local/texlive/2025/texmf-dist/tex/generic/tex4ht/ulem.4ht
version 2022-05-01-08:25
(/usr/local/texlive/2025/texmf-dist/tex/generic/tex4ht/html4.4ht
version 2025-03-05-13:44
) (/usr/local/texlive/2025/texmf-dist/tex/generic/tex4ht/unicode.4ht
version 2024-12-15-07:18
) (/usr/local/texlive/2025/texmf-dist/tex/generic/tex4ht/html4-math.4ht
version 2024-09-27-10:13
) (/usr/local/texlive/2025/texmf-dist/tex/generic/tex4ht/html5.4ht
version 2024-04-09-09:36
)) (/usr/local/texlive/2025/texmf-dist/tex/generic/tex4ht/html4.4ht
version 2025-03-05-13:44
) (/usr/local/texlive/2025/texmf-dist/tex/generic/tex4ht/unicode.4ht
version 2024-12-15-07:18
) (/usr/local/texlive/2025/texmf-dist/tex/generic/tex4ht/html4-math.4ht
version 2024-09-27-10:13
) (/usr/local/texlive/2025/texmf-dist/tex/generic/tex4ht/html5.4ht
version 2024-04-09-09:36
))
LaTeX Font Info:    Trying to load font information for OT1+ptm on input line 9
5.
(/usr/local/texlive/2025/texmf-dist/tex/latex/psnfss/ot1ptm.fd
File: ot1ptm.fd 2001/06/04 font definitions for OT1/ptm.
) (/usr/local/texlive/2025/texmf-dist/tex/latex/l3backend/l3backend-dvips.def
File: l3backend-dvips.def 2024-05-08 L3 backend support: dvips
\l__pdf_internal_box=\box118
\l__pdf_backend_content_box=\box119
\l__pdf_backend_model_box=\box120
\g__pdf_backend_annotation_int=\count350
\g__pdf_backend_link_int=\count351
\g__pdf_backend_link_sf_int=\count352
) (./web.aux)
\openout1 = `web.aux'.

LaTeX Font Info:    Checking defaults for OML/cmm/m/it on input line 95.
LaTeX Font Info:    ... okay on input line 95.
LaTeX Font Info:    Checking defaults for OMS/cmsy/m/n on input line 95.
LaTeX Font Info:    ... okay on input line 95.
LaTeX Font Info:    Checking defaults for OT1/cmr/m/n on input line 95.
LaTeX Font Info:    ... okay on input line 95.
LaTeX Font Info:    Checking defaults for T1/cmr/m/n on input line 95.
LaTeX Font Info:    ... okay on input line 95.
LaTeX Font Info:    Checking defaults for TS1/cmr/m/n on input line 95.
LaTeX Font Info:    ... okay on input line 95.
LaTeX Font Info:    Checking defaults for OMX/cmex/m/n on input line 95.
LaTeX Font Info:    ... okay on input line 95.
LaTeX Font Info:    Checking defaults for U/cmr/m/n on input line 95.
LaTeX Font Info:    ... okay on input line 95.
LaTeX Font Info:    Checking defaults for PD1/pdf/m/n on input line 95.
LaTeX Font Info:    ... okay on input line 95.
LaTeX Font Info:    Checking defaults for PU/pdf/m/n on input line 95.
LaTeX Font Info:    ... okay on input line 95.
\c@lstlisting=\count353
(/usr/local/texlive/2025/texmf-dist/tex/latex/base/inputenc.sty
Package: inputenc 2024/02/08 v1.3d Input encoding file
\inpenc@prehook=\toks57
\inpenc@posthook=\toks58
)
Package caption Info: Begin \AtBeginDocument code.
Package caption Info: End \AtBeginDocument code.
Package hyperref Info: Link coloring ON on input line 95.
--- file web.css ---
Missing character: There is no  in font ptmr7t!
Missing character: There is no  in font ptmr7t!
Missing character: There is no  in font ptmr7t!
Missing character: There is no  in font ptmr7t!
Missing character: There is no  in font ptmr7t!
Missing character: There is no  in font ptmr7t!
Missing character: There is no  in font ptmr7t!
Missing character: There is no  in font ptmr7t!
\c@ex=\count354


[1

]

[2]
LaTeX Font Info:    Trying to load font information for U+msa on input line 103
.
(/usr/local/texlive/2025/texmf-dist/tex/latex/amsfonts/umsa.fd
File: umsa.fd 2013/01/14 v3.01 AMS symbols A
)
LaTeX Font Info:    Trying to load font information for U+msb on input line 103
.
(/usr/local/texlive/2025/texmf-dist/tex/latex/amsfonts/umsb.fd
File: umsb.fd 2013/01/14 v3.01 AMS symbols B
)
LaTeX Font Info:    Trying to load font information for OT1+pcr on input line 1
03.
(/usr/local/texlive/2025/texmf-dist/tex/latex/psnfss/ot1pcr.fd
File: ot1pcr.fd 2001/06/04 font definitions for OT1/pcr.
) (./web.4ct)
\openout15 = `web.tmp'.

(./web.tmp)
\openout15 = `web.tmp'.

(./web.tmp)
--- file contentsname.html ---


[3] (./web.4ct)

[4]
\openout15 = `web.tmp'.

(./web.tmp)
\openout15 = `web.tmp'.

(./web.tmp)
--- file DocumentationetOutils.html ---
LaTeX Font Info:    Trying to load font information for TS1+ptm on input line 1
25.
(/usr/local/texlive/2025/texmf-dist/tex/latex/psnfss/ts1ptm.fd
File: ts1ptm.fd 2001/06/04 font definitions for TS1/ptm.
)

[5

]
\openout15 = `web.tmp'.

(./web.tmp)
\openout15 = `web.tmp'.

(./web.tmp)
--- file Slidesducours.html ---
(./web.4ct)
\openout15 = `web.tmp'.

(./web.tmp)
\openout15 = `web.tmp'.

(./web.tmp)
--- file Cours0hrefhttpmery54githubioteachingmvsilecturesnotesmvsilecture0pdfCM
0.html ---


[6

]
\openout15 = `web.tmp'.

(./web.tmp)
\openout15 = `web.tmp'.

(./web.tmp)
--- file Cours1hrefhttpmery54githubioteachingmvsilecturesnotesmvsilecture1pdfCM
1.html ---


[7

]
\openout15 = `web.tmp'.

(./web.tmp)
\openout15 = `web.tmp'.

(./web.tmp)
--- file Cours2hrefhttpmery54githubioteachingmvsilecturesnotesmvsilecture2pdfCM
2.html ---


[8

]
\openout15 = `web.tmp'.

(./web.tmp)
\openout15 = `web.tmp'.

(./web.tmp)
--- file Cours3hrefhttpmery54githubioteachingmvsilecturesnotesmvsilecture3pdfCM
3.html ---


[9

]
\openout15 = `web.tmp'.

(./web.tmp)
\openout15 = `web.tmp'.

(./web.tmp)
--- file Cours4hrefhttpmery54githubioteachingmvsilecturesnotesmvsilecture4pdfCM
4.html ---


[10

]
\openout15 = `web.tmp'.

(./web.tmp)
\openout15 = `web.tmp'.

(./web.tmp)
--- file Cours5hrefhttpmery54githubioteachingmvsilecturesnotesmvsilecture5pdfCM
5.html ---


[11

]
\openout15 = `web.tmp'.

(./web.tmp)
\openout15 = `web.tmp'.

(./web.tmp)
--- file TravauxDirigs.html ---


[12

]

[13]
\openout15 = `web.tmp'.

(./web.tmp)
\openout15 = `web.tmp'.

(./web.tmp)
--- file ProjetMVSI.html ---


[14

]
\openout15 = `web.tmp'.

(./web.tmp)
\openout15 = `web.tmp'.

(./web.tmp)
--- file ModlesTLA.html ---
(./web.4ct)
\openout15 = `web.tmp'.

(./web.tmp)
\openout15 = `web.tmp'.

(./web.tmp)
--- file TD1.html ---


[15

]
\openout15 = `web.tmp'.

(./web.tmp)
\openout15 = `web.tmp'.

(./web.tmp)
--- file TD2.html ---


[16

]
\openout15 = `web.tmp'.

(./web.tmp)
\openout15 = `web.tmp'.

(./web.tmp)
--- file TD3.html ---


[17

]
\openout15 = `web.tmp'.

(./web.tmp)
\openout15 = `web.tmp'.

(./web.tmp)
--- file Annalesdesexamenspasss.html ---
(./web.bbl

[18

]
\openout15 = `web.tmp'.

(./web.tmp)
\openout15 = `web.tmp'.

(./web.tmp)
--- file refname.html ---
)

[19

]

[20

] (./web.aux)
 ***********
LaTeX2e <2024-11-01> patch level 2
L3 programming layer <2025-01-18>
 ***********
 ) 
Here is how much of TeX's memory you used:
 37705 strings out of 473191
 748061 string characters out of 5715826
 1317884 words of memory out of 5000000
 59898 multiletter control sequences out of 15000+600000
 576077 words of font info for 94 fonts, out of 8000000 for 9000
 1141 hyphenation exceptions out of 8191
 123i,8n,149p,903b,762s stack positions out of 10000i,1000n,20000p,200000b,200000s

Output written on web.dvi (20 pages, 102896 bytes).
